<?xml version="1.0" encoding="UTF-8"?>
<!-- Generated by org.testng.reporters.JUnitXMLReporter -->
<testsuite hostname="KCSPL000" name="Test" tests="9" failures="0" timestamp="9 Feb 2016 06:38:54 GMT" time="1202.616" errors="0">
  <testcase name="AddBloodReports" time="122.246" classname="Reports.BloodReport"/>
  <testcase name="AddBoneReports" time="110.689" classname="Reports.BoneReport"/>
  <testcase name="AddLipidReports" time="102.057" classname="Reports.LipidReport"/>
  <testcase name="AddLiverReports" time="65.971" classname="Reports.LiverReport"/>
  <testcase name="AddPregnancyDetailsReports" time="94.793" classname="Reports.PregnancyReport"/>
  <testcase name="AddThyroidReports" time="48.367" classname="Reports.ThyroidReport"/>
  <testcase name="AddVitaminReports" time="104.215" classname="Reports.VitaminReport"/>
  <testcase name="AddGlucoseReports" time="63.388" classname="Reports.GlucoseReport"/>
  <testcase name="AddKidneyReports" time="172.085" classname="Reports.KidneyReport"/>
</testsuite> <!-- Test -->
