<html xmlns:math="http://exslt.org/math" xmlns:testng="http://testng.org">
   <head>
      <title>TestNG Results</title>
      <meta http-equiv="content-type" content="text/html; charset=utf-8"></meta>
      <meta http-equiv="pragma" content="no-cache"></meta>
      <meta http-equiv="cache-control" content="max-age=0"></meta>
      <meta http-equiv="cache-control" content="no-cache"></meta>
      <meta http-equiv="cache-control" content="no-store"></meta>
      <LINK rel="stylesheet" href="style.css"></LINK>
      <script type="text/javascript" src="main.js"></script>
   </head>
   <body>
      <table width="100%" style="font-size: 16px; margin-bottom: 10px;" cellspacing="1">
         <tr>
            <td width="100%">
               All methods in suite
               
               <b>Default suite</b>
            </td>
            <td style="background-color: #FFBBBB; padding: 3px 3px 3px 0;" align="center">
               <div style="width: 50px;">1</div>
            </td>
            <td style="background-color: lightgreen; padding: 3px 3px 3px 0;" align="center">
               <div style="width: 50px;">8</div>
            </td>
            <td style="background-color: #FFFFBB; padding: 3px 3px 3px 0;" align="center">
               <div style="width: 50px;">1</div>
            </td>
            <td align="center" style="background-color: #eaf0f7; padding: 3px 3px 3px 0;">
               <div style="width: 50px;">10</div>
            </td>
            <td align="center"
                style="font-weight: bold; background-color: #eaf0f7; padding: 3px 3px 3px 0;">
               <div style="width: 50px;">80%</div>
            </td>
            <td style="background-color: #eaf0f7; padding: 3px 3px 3px 0;" align="center"
                nowrap="true">5m
               43s
               
            </td>
         </tr>
      </table>
      <div style="width: 200px;">
         <label for="groupMethodsCheckBox" style="font-weight: bold; margin: 0;">
            <input id="groupMethodsCheckBox" type="checkbox" onclick="switchTestMethodsView(this)"
                   checked=""></input>
            Group by class
            
         </label>
         <br></br>
         <label for="methodsFilter_ALL" style="font-weight: bold; margin: 0;">
            <input id="methodsFilter_ALL" type="checkbox"
                   onclick="testMethodsFilterChanged(this, 'ALL')"
                   checked=""></input>
            All
            
         </label>
      </div>
      <label for="methodsFilter_FAIL" style="margin-left: 20px;">
         <input id="methodsFilter_FAIL" type="checkbox"
                onclick="testMethodsFilterChanged(this, 'FAIL')"
                checked=""></input>
         Failed
         
      </label>
      <label for="methodsFilter_PASS">
         <input id="methodsFilter_PASS" type="checkbox"
                onclick="testMethodsFilterChanged(this, 'PASS')"
                checked=""></input>
         Passed
         
      </label>
      <label for="methodsFilter_SKIP">
         <input id="methodsFilter_SKIP" type="checkbox"
                onclick="testMethodsFilterChanged(this, 'SKIP')"
                checked=""></input>
         Skipped
         
      </label>
      <label for="methodsFilter_CONF">
         <input id="methodsFilter_CONF" type="checkbox"
                onclick="testMethodsFilterChanged(this, 'CONF')"
                checked=""></input>
         Config
         
      </label>
      <br></br>
      <div id="testMethodsByStatus" style="display: none;">
         <table class="testMethodsTable" cellpadding="0" cellspacing="0">
            <tr class="methodsTableHeader">
               <td width="100%">Name</td>
               <td nowrap="true">Started</td>
               <td nowrap="true">Duration</td>
               <td>Exception</td>
            </tr>
            <tr id="Dashboard.FunctionalTestCase_VerifyMyReports_byStatus_failed_FAIL1_row"
                class="testMethodStatusFAIL">
               <td width="100%" class="firstMethodCell">
                  <a onclick="toggleDetailsVisibility('Dashboard.FunctionalTestCase_VerifyMyReports_byStatus_failed_FAIL1_details')">VerifyMyReports()</a>
               </td>
               <td nowrap="true">12:45:03</td>
               <td nowrap="true" align="right">31s
                  
               </td>
               <td nowrap="true">
                  <a onclick="toggleDetailsVisibility('Dashboard.FunctionalTestCase_VerifyMyReports_byStatus_failed_FAIL1_exception')">org.openqa.selenium.UnhandledAlertException: 
                     unexpected alert open
                     (Session info: chrome=48.0.2564.82)
                     (Driver info: chromedriver=2.19.346078 (6f1f0cde889532d48ce8242342d0b84f94b114a1),platform=Windows NT 6.1 SP1 x86_64) (WARNING:
                     The server did not provide any stacktrace information)
                     Command duration or timeout: 6 milliseconds: null
                     Build info: version: '2.47.1', revision: '411b314', time: '2015-07-30 02:56:46'
                     System info: host: 'KCSPL000', ip: '192.168.1.68', os.name: 'Windows 7', os.arch: 'amd64', os.version: '6.1', java.version:
                     '1.7.0_09'
                     Session ID: 61e41e2b86819819ea98bd38d55e228d
                     Driver info: org.openqa.selenium.chrome.ChromeDriver
                     Capabilities [{platform=XP, acceptSslCerts=true, javascriptEnabled=true, browserName=chrome, chrome={userDataDir=C:\Users\ADMINI~1\AppData\Local\Temp\scoped_dir6288_28632},
                     rotatable=false, locationContextEnabled=true, mobileEmulationEnabled=false, version=48.0.2564.82, takesHeapSnapshot=true,
                     cssSelectorsEnabled=true, databaseEnabled=false, handlesAlerts=true, browserConnectionEnabled=false, webStorageEnabled=true,
                     nativeEvents=true, hasTouchScreen=false, applicationCacheEnabled=false, takesScreenshot=true}]
                     
                  </a>
                   
                  
               </td>
            </tr>
            <tr>
               <td colspan="4" class="detailsBox">
                  <div id="Dashboard.FunctionalTestCase_VerifyMyReports_byStatus_failed_FAIL1_details"
                       class="testMethodDetails">
                     <div>
                        <b>Name: </b>VerifyMyReports
                     </div>
                     <div>
                        <b>Signature: </b>VerifyMyReports()[pri:0, instance:Dashboard.FunctionalTestCase@29b15447]
                     </div>
                     <div>
                        <b>Start time: </b>12:45:03
                     </div>
                     <div>
                        <b>End time: </b>12:45:34
                     </div>
                     <div>
                        <b>Duration: </b>31s
                        
                     </div>
                  </div>
               </td>
            </tr>
            <tr>
               <td colspan="4" class="detailsBox">
                  <div id="Dashboard.FunctionalTestCase_VerifyMyReports_byStatus_failed_FAIL1_exception"
                       class="testMethodDetails">
                     <pre style="padding: 5px; margin: 0;">org.openqa.selenium.UnhandledAlertException: unexpected alert open
                        (Session info: chrome=48.0.2564.82)
                        (Driver info: chromedriver=2.19.346078 (6f1f0cde889532d48ce8242342d0b84f94b114a1),platform=Windows NT 6.1 SP1 x86_64) (WARNING:
                        The server did not provide any stacktrace information)
                        Command duration or timeout: 6 milliseconds: null
                        Build info: version: '2.47.1', revision: '411b314', time: '2015-07-30 02:56:46'
                        System info: host: 'KCSPL000', ip: '192.168.1.68', os.name: 'Windows 7', os.arch: 'amd64', os.version: '6.1', java.version:
                        '1.7.0_09'
                        Session ID: 61e41e2b86819819ea98bd38d55e228d
                        Driver info: org.openqa.selenium.chrome.ChromeDriver
                        Capabilities [{platform=XP, acceptSslCerts=true, javascriptEnabled=true, browserName=chrome, chrome={userDataDir=C:\Users\ADMINI~1\AppData\Local\Temp\scoped_dir6288_28632},
                        rotatable=false, locationContextEnabled=true, mobileEmulationEnabled=false, version=48.0.2564.82, takesHeapSnapshot=true,
                        cssSelectorsEnabled=true, databaseEnabled=false, handlesAlerts=true, browserConnectionEnabled=false, webStorageEnabled=true,
                        nativeEvents=true, hasTouchScreen=false, applicationCacheEnabled=false, takesScreenshot=true}]
                        	at sun.reflect.NativeConstructorAccessorImpl.newInstance0(Native Method)
                        	at sun.reflect.NativeConstructorAccessorImpl.newInstance(NativeConstructorAccessorImpl.java:57)
                        	at sun.reflect.DelegatingConstructorAccessorImpl.newInstance(DelegatingConstructorAccessorImpl.java:45)
                        	at java.lang.reflect.Constructor.newInstance(Constructor.java:525)
                        	at org.openqa.selenium.remote.ErrorHandler.createThrowable(ErrorHandler.java:206)
                        	at org.openqa.selenium.remote.ErrorHandler.throwIfResponseFailed(ErrorHandler.java:164)
                        	at org.openqa.selenium.remote.RemoteWebDriver.execute(RemoteWebDriver.java:595)
                        	at org.openqa.selenium.remote.RemoteWebDriver.execute(RemoteWebDriver.java:618)
                        	at org.openqa.selenium.remote.RemoteWebDriver.getScreenshotAs(RemoteWebDriver.java:320)
                        	at Dashboard.FunctionalTestCase.VerifyMyReports(FunctionalTestCase.java:268)
                        	at sun.reflect.NativeMethodAccessorImpl.invoke0(Native Method)
                        	at sun.reflect.NativeMethodAccessorImpl.invoke(NativeMethodAccessorImpl.java:57)
                        	at sun.reflect.DelegatingMethodAccessorImpl.invoke(DelegatingMethodAccessorImpl.java:43)
                        	at java.lang.reflect.Method.invoke(Method.java:601)
                        	at org.testng.internal.MethodInvocationHelper.invokeMethod(MethodInvocationHelper.java:84)
                        	at org.testng.internal.Invoker.invokeMethod(Invoker.java:714)
                        	at org.testng.internal.Invoker.invokeTestMethod(Invoker.java:901)
                        	at org.testng.internal.Invoker.invokeTestMethods(Invoker.java:1231)
                        	at org.testng.internal.TestMethodWorker.invokeTestMethods(TestMethodWorker.java:127)
                        	at org.testng.internal.TestMethodWorker.run(TestMethodWorker.java:111)
                        	at org.testng.TestRunner.privateRun(TestRunner.java:767)
                        	at org.testng.TestRunner.run(TestRunner.java:617)
                        	at org.testng.SuiteRunner.runTest(SuiteRunner.java:334)
                        	at org.testng.SuiteRunner.runSequentially(SuiteRunner.java:329)
                        	at org.testng.SuiteRunner.privateRun(SuiteRunner.java:291)
                        	at org.testng.SuiteRunner.run(SuiteRunner.java:240)
                        	at org.testng.SuiteRunnerWorker.runSuite(SuiteRunnerWorker.java:52)
                        	at org.testng.SuiteRunnerWorker.run(SuiteRunnerWorker.java:86)
                        	at org.testng.TestNG.runSuitesSequentially(TestNG.java:1224)
                        	at org.testng.TestNG.runSuitesLocally(TestNG.java:1149)
                        	at org.testng.TestNG.run(TestNG.java:1057)
                        	at org.testng.remote.RemoteTestNG.run(RemoteTestNG.java:111)
                        	at org.testng.remote.RemoteTestNG.initAndRun(RemoteTestNG.java:204)
                        	at org.testng.remote.RemoteTestNG.main(RemoteTestNG.java:175)
                     </pre>
                  </div>
               </td>
            </tr>
            <tr id="Dashboard.FunctionalTestCase_takeScreenShotOnFailure_byStatus_failed_FAIL2_row"
                class="testMethodStatusFAIL testMethodStatusCONF">
               <td width="100%" class="firstMethodCell">
                  <a onclick="toggleDetailsVisibility('Dashboard.FunctionalTestCase_takeScreenShotOnFailure_byStatus_failed_FAIL2_details')">takeScreenShotOnFailure([TestResult name=VerifyMyReports status=FAILURE method=FunctionalTestCase.VerifyMyReports()[pri:0,
                     instance:Dashboard.FunctionalTestCase@29b15447] output={null}])
                  </a>
               </td>
               <td nowrap="true">12:45:34</td>
               <td nowrap="true" align="right">0 ms
                  
               </td>
               <td nowrap="true">
                  <a onclick="toggleDetailsVisibility('Dashboard.FunctionalTestCase_takeScreenShotOnFailure_byStatus_failed_FAIL2_exception')">org.openqa.selenium.UnhandledAlertException: 
                     unexpected alert open
                     (Session info: chrome=48.0.2564.82)
                     (Driver info: chromedriver=2.19.346078 (6f1f0cde889532d48ce8242342d0b84f94b114a1),platform=Windows NT 6.1 SP1 x86_64) (WARNING:
                     The server did not provide any stacktrace information)
                     Command duration or timeout: 17 milliseconds: null
                     Build info: version: '2.47.1', revision: '411b314', time: '2015-07-30 02:56:46'
                     System info: host: 'KCSPL000', ip: '192.168.1.68', os.name: 'Windows 7', os.arch: 'amd64', os.version: '6.1', java.version:
                     '1.7.0_09'
                     Session ID: 61e41e2b86819819ea98bd38d55e228d
                     Driver info: org.openqa.selenium.chrome.ChromeDriver
                     Capabilities [{platform=XP, acceptSslCerts=true, javascriptEnabled=true, browserName=chrome, chrome={userDataDir=C:\Users\ADMINI~1\AppData\Local\Temp\scoped_dir6288_28632},
                     rotatable=false, locationContextEnabled=true, mobileEmulationEnabled=false, version=48.0.2564.82, takesHeapSnapshot=true,
                     cssSelectorsEnabled=true, databaseEnabled=false, handlesAlerts=true, browserConnectionEnabled=false, webStorageEnabled=true,
                     nativeEvents=true, hasTouchScreen=false, applicationCacheEnabled=false, takesScreenshot=true}]
                     
                  </a>
                   
                  
               </td>
            </tr>
            <tr>
               <td colspan="4" class="detailsBox">
                  <div id="Dashboard.FunctionalTestCase_takeScreenShotOnFailure_byStatus_failed_FAIL2_details"
                       class="testMethodDetails">
                     <div>
                        <b>Name: </b>takeScreenShotOnFailure
                     </div>
                     <div>
                        <b>Signature: </b>takeScreenShotOnFailure(org.testng.ITestResult)[pri:0, instance:Dashboard.FunctionalTestCase@29b15447]
                     </div>
                     <div>
                        <b>Parameters: </b>
                        
                        [TestResult name=VerifyMyReports status=FAILURE method=FunctionalTestCase.VerifyMyReports()[pri:0, instance:Dashboard.FunctionalTestCase@29b15447]
                        output={null}]
                        
                        
                     </div>
                     <div>
                        <b>Start time: </b>12:45:34
                     </div>
                     <div>
                        <b>End time: </b>12:45:34
                     </div>
                     <div>
                        <b>Duration: </b>0 ms
                        
                     </div>
                  </div>
               </td>
            </tr>
            <tr>
               <td colspan="4" class="detailsBox">
                  <div id="Dashboard.FunctionalTestCase_takeScreenShotOnFailure_byStatus_failed_FAIL2_exception"
                       class="testMethodDetails">
                     <pre style="padding: 5px; margin: 0;">org.openqa.selenium.UnhandledAlertException: unexpected alert open
                        (Session info: chrome=48.0.2564.82)
                        (Driver info: chromedriver=2.19.346078 (6f1f0cde889532d48ce8242342d0b84f94b114a1),platform=Windows NT 6.1 SP1 x86_64) (WARNING:
                        The server did not provide any stacktrace information)
                        Command duration or timeout: 17 milliseconds: null
                        Build info: version: '2.47.1', revision: '411b314', time: '2015-07-30 02:56:46'
                        System info: host: 'KCSPL000', ip: '192.168.1.68', os.name: 'Windows 7', os.arch: 'amd64', os.version: '6.1', java.version:
                        '1.7.0_09'
                        Session ID: 61e41e2b86819819ea98bd38d55e228d
                        Driver info: org.openqa.selenium.chrome.ChromeDriver
                        Capabilities [{platform=XP, acceptSslCerts=true, javascriptEnabled=true, browserName=chrome, chrome={userDataDir=C:\Users\ADMINI~1\AppData\Local\Temp\scoped_dir6288_28632},
                        rotatable=false, locationContextEnabled=true, mobileEmulationEnabled=false, version=48.0.2564.82, takesHeapSnapshot=true,
                        cssSelectorsEnabled=true, databaseEnabled=false, handlesAlerts=true, browserConnectionEnabled=false, webStorageEnabled=true,
                        nativeEvents=true, hasTouchScreen=false, applicationCacheEnabled=false, takesScreenshot=true}]
                        	at sun.reflect.NativeConstructorAccessorImpl.newInstance0(Native Method)
                        	at sun.reflect.NativeConstructorAccessorImpl.newInstance(NativeConstructorAccessorImpl.java:57)
                        	at sun.reflect.DelegatingConstructorAccessorImpl.newInstance(DelegatingConstructorAccessorImpl.java:45)
                        	at java.lang.reflect.Constructor.newInstance(Constructor.java:525)
                        	at org.openqa.selenium.remote.ErrorHandler.createThrowable(ErrorHandler.java:206)
                        	at org.openqa.selenium.remote.ErrorHandler.throwIfResponseFailed(ErrorHandler.java:164)
                        	at org.openqa.selenium.remote.RemoteWebDriver.execute(RemoteWebDriver.java:595)
                        	at org.openqa.selenium.remote.RemoteWebDriver.execute(RemoteWebDriver.java:618)
                        	at org.openqa.selenium.remote.RemoteWebDriver.getScreenshotAs(RemoteWebDriver.java:320)
                        	at FrameWork.BasetestScript.takeScreenShotOnFailure(BasetestScript.java:40)
                        	at sun.reflect.NativeMethodAccessorImpl.invoke0(Native Method)
                        	at sun.reflect.NativeMethodAccessorImpl.invoke(NativeMethodAccessorImpl.java:57)
                        	at sun.reflect.DelegatingMethodAccessorImpl.invoke(DelegatingMethodAccessorImpl.java:43)
                        	at java.lang.reflect.Method.invoke(Method.java:601)
                        	at org.testng.internal.MethodInvocationHelper.invokeMethod(MethodInvocationHelper.java:84)
                        	at org.testng.internal.Invoker.invokeConfigurationMethod(Invoker.java:564)
                        	at org.testng.internal.Invoker.invokeConfigurations(Invoker.java:213)
                        	at org.testng.internal.Invoker.invokeMethod(Invoker.java:786)
                        	at org.testng.internal.Invoker.invokeTestMethod(Invoker.java:901)
                        	at org.testng.internal.Invoker.invokeTestMethods(Invoker.java:1231)
                        	at org.testng.internal.TestMethodWorker.invokeTestMethods(TestMethodWorker.java:127)
                        	at org.testng.internal.TestMethodWorker.run(TestMethodWorker.java:111)
                        	at org.testng.TestRunner.privateRun(TestRunner.java:767)
                        	at org.testng.TestRunner.run(TestRunner.java:617)
                        	at org.testng.SuiteRunner.runTest(SuiteRunner.java:334)
                        	at org.testng.SuiteRunner.runSequentially(SuiteRunner.java:329)
                        	at org.testng.SuiteRunner.privateRun(SuiteRunner.java:291)
                        	at org.testng.SuiteRunner.run(SuiteRunner.java:240)
                        	at org.testng.SuiteRunnerWorker.runSuite(SuiteRunnerWorker.java:52)
                        	at org.testng.SuiteRunnerWorker.run(SuiteRunnerWorker.java:86)
                        	at org.testng.TestNG.runSuitesSequentially(TestNG.java:1224)
                        	at org.testng.TestNG.runSuitesLocally(TestNG.java:1149)
                        	at org.testng.TestNG.run(TestNG.java:1057)
                        	at org.testng.remote.RemoteTestNG.run(RemoteTestNG.java:111)
                        	at org.testng.remote.RemoteTestNG.initAndRun(RemoteTestNG.java:204)
                        	at org.testng.remote.RemoteTestNG.main(RemoteTestNG.java:175)
                     </pre>
                  </div>
               </td>
            </tr>
            <tr id="Dashboard.FunctionalTestCase_OpenBrowser_byStatus_passed_PASS1_row"
                class="testMethodStatusPASS testMethodStatusCONF">
               <td width="100%" class="firstMethodCell">
                  <a onclick="toggleDetailsVisibility('Dashboard.FunctionalTestCase_OpenBrowser_byStatus_passed_PASS1_details')">OpenBrowser()</a>
               </td>
               <td nowrap="true">12:39:50</td>
               <td nowrap="true" align="right">9s
                  
               </td>
               <td nowrap="true">
                   
                  
               </td>
            </tr>
            <tr>
               <td colspan="4" class="detailsBox">
                  <div id="Dashboard.FunctionalTestCase_OpenBrowser_byStatus_passed_PASS1_details"
                       class="testMethodDetails">
                     <div>
                        <b>Name: </b>OpenBrowser
                     </div>
                     <div>
                        <b>Signature: </b>OpenBrowser()[pri:0, instance:Dashboard.FunctionalTestCase@29b15447]
                     </div>
                     <div>
                        <b>Start time: </b>12:39:50
                     </div>
                     <div>
                        <b>End time: </b>12:40:00
                     </div>
                     <div>
                        <b>Duration: </b>9s
                        
                     </div>
                  </div>
               </td>
            </tr>
            <tr></tr>
            <tr id="Dashboard.FunctionalTestCase_VerifyDashboard_byStatus_passed_PASS2_row"
                class="testMethodStatusPASS">
               <td width="100%" class="firstMethodCell">
                  <a onclick="toggleDetailsVisibility('Dashboard.FunctionalTestCase_VerifyDashboard_byStatus_passed_PASS2_details')">VerifyDashboard()</a>
               </td>
               <td nowrap="true">12:40:00</td>
               <td nowrap="true" align="right">26s
                  
               </td>
               <td nowrap="true">
                   
                  
               </td>
            </tr>
            <tr>
               <td colspan="4" class="detailsBox">
                  <div id="Dashboard.FunctionalTestCase_VerifyDashboard_byStatus_passed_PASS2_details"
                       class="testMethodDetails">
                     <div>
                        <b>Name: </b>VerifyDashboard
                     </div>
                     <div>
                        <b>Signature: </b>VerifyDashboard()[pri:0, instance:Dashboard.FunctionalTestCase@29b15447]
                     </div>
                     <div>
                        <b>Start time: </b>12:40:00
                     </div>
                     <div>
                        <b>End time: </b>12:40:26
                     </div>
                     <div>
                        <b>Duration: </b>26s
                        
                     </div>
                  </div>
               </td>
            </tr>
            <tr></tr>
            <tr id="Dashboard.FunctionalTestCase_takeScreenShotOnFailure_byStatus_passed_PASS3_row"
                class="testMethodStatusPASS testMethodStatusCONF">
               <td width="100%" class="firstMethodCell">
                  <a onclick="toggleDetailsVisibility('Dashboard.FunctionalTestCase_takeScreenShotOnFailure_byStatus_passed_PASS3_details')">takeScreenShotOnFailure([TestResult name=VerifyDashboard status=SUCCESS method=FunctionalTestCase.VerifyDashboard()[pri:0,
                     instance:Dashboard.FunctionalTestCase@29b15447] output={null}])
                  </a>
               </td>
               <td nowrap="true">12:40:26</td>
               <td nowrap="true" align="right">1s
                  
               </td>
               <td nowrap="true">
                   
                  
               </td>
            </tr>
            <tr>
               <td colspan="4" class="detailsBox">
                  <div id="Dashboard.FunctionalTestCase_takeScreenShotOnFailure_byStatus_passed_PASS3_details"
                       class="testMethodDetails">
                     <div>
                        <b>Name: </b>takeScreenShotOnFailure
                     </div>
                     <div>
                        <b>Signature: </b>takeScreenShotOnFailure(org.testng.ITestResult)[pri:0, instance:Dashboard.FunctionalTestCase@29b15447]
                     </div>
                     <div>
                        <b>Parameters: </b>
                        
                        [TestResult name=VerifyDashboard status=SUCCESS method=FunctionalTestCase.VerifyDashboard()[pri:0, instance:Dashboard.FunctionalTestCase@29b15447]
                        output={null}]
                        
                        
                     </div>
                     <div>
                        <b>Start time: </b>12:40:26
                     </div>
                     <div>
                        <b>End time: </b>12:40:27
                     </div>
                     <div>
                        <b>Duration: </b>1s
                        
                     </div>
                  </div>
               </td>
            </tr>
            <tr></tr>
            <tr id="Dashboard.FunctionalTestCase_OpenBrowser_byStatus_passed_PASS4_row"
                class="testMethodStatusPASS testMethodStatusCONF">
               <td width="100%" class="firstMethodCell">
                  <a onclick="toggleDetailsVisibility('Dashboard.FunctionalTestCase_OpenBrowser_byStatus_passed_PASS4_details')">OpenBrowser()</a>
               </td>
               <td nowrap="true">12:40:27</td>
               <td nowrap="true" align="right">9s
                  
               </td>
               <td nowrap="true">
                   
                  
               </td>
            </tr>
            <tr>
               <td colspan="4" class="detailsBox">
                  <div id="Dashboard.FunctionalTestCase_OpenBrowser_byStatus_passed_PASS4_details"
                       class="testMethodDetails">
                     <div>
                        <b>Name: </b>OpenBrowser
                     </div>
                     <div>
                        <b>Signature: </b>OpenBrowser()[pri:0, instance:Dashboard.FunctionalTestCase@29b15447]
                     </div>
                     <div>
                        <b>Start time: </b>12:40:27
                     </div>
                     <div>
                        <b>End time: </b>12:40:37
                     </div>
                     <div>
                        <b>Duration: </b>9s
                        
                     </div>
                  </div>
               </td>
            </tr>
            <tr></tr>
            <tr id="Dashboard.FunctionalTestCase_VerifyHome_byStatus_passed_PASS5_row"
                class="testMethodStatusPASS">
               <td width="100%" class="firstMethodCell">
                  <a onclick="toggleDetailsVisibility('Dashboard.FunctionalTestCase_VerifyHome_byStatus_passed_PASS5_details')">VerifyHome()</a>
               </td>
               <td nowrap="true">12:40:37</td>
               <td nowrap="true" align="right">25s
                  
               </td>
               <td nowrap="true">
                   
                  
               </td>
            </tr>
            <tr>
               <td colspan="4" class="detailsBox">
                  <div id="Dashboard.FunctionalTestCase_VerifyHome_byStatus_passed_PASS5_details"
                       class="testMethodDetails">
                     <div>
                        <b>Name: </b>VerifyHome
                     </div>
                     <div>
                        <b>Signature: </b>VerifyHome()[pri:0, instance:Dashboard.FunctionalTestCase@29b15447]
                     </div>
                     <div>
                        <b>Start time: </b>12:40:37
                     </div>
                     <div>
                        <b>End time: </b>12:41:03
                     </div>
                     <div>
                        <b>Duration: </b>25s
                        
                     </div>
                  </div>
               </td>
            </tr>
            <tr></tr>
            <tr id="Dashboard.FunctionalTestCase_takeScreenShotOnFailure_byStatus_passed_PASS6_row"
                class="testMethodStatusPASS testMethodStatusCONF">
               <td width="100%" class="firstMethodCell">
                  <a onclick="toggleDetailsVisibility('Dashboard.FunctionalTestCase_takeScreenShotOnFailure_byStatus_passed_PASS6_details')">takeScreenShotOnFailure([TestResult name=VerifyHome status=SUCCESS method=FunctionalTestCase.VerifyHome()[pri:0, instance:Dashboard.FunctionalTestCase@29b15447]
                     output={null}])
                  </a>
               </td>
               <td nowrap="true">12:41:03</td>
               <td nowrap="true" align="right">1s
                  
               </td>
               <td nowrap="true">
                   
                  
               </td>
            </tr>
            <tr>
               <td colspan="4" class="detailsBox">
                  <div id="Dashboard.FunctionalTestCase_takeScreenShotOnFailure_byStatus_passed_PASS6_details"
                       class="testMethodDetails">
                     <div>
                        <b>Name: </b>takeScreenShotOnFailure
                     </div>
                     <div>
                        <b>Signature: </b>takeScreenShotOnFailure(org.testng.ITestResult)[pri:0, instance:Dashboard.FunctionalTestCase@29b15447]
                     </div>
                     <div>
                        <b>Parameters: </b>
                        
                        [TestResult name=VerifyHome status=SUCCESS method=FunctionalTestCase.VerifyHome()[pri:0, instance:Dashboard.FunctionalTestCase@29b15447]
                        output={null}]
                        
                        
                     </div>
                     <div>
                        <b>Start time: </b>12:41:03
                     </div>
                     <div>
                        <b>End time: </b>12:41:04
                     </div>
                     <div>
                        <b>Duration: </b>1s
                        
                     </div>
                  </div>
               </td>
            </tr>
            <tr></tr>
            <tr id="Dashboard.FunctionalTestCase_OpenBrowser_byStatus_passed_PASS7_row"
                class="testMethodStatusPASS testMethodStatusCONF">
               <td width="100%" class="firstMethodCell">
                  <a onclick="toggleDetailsVisibility('Dashboard.FunctionalTestCase_OpenBrowser_byStatus_passed_PASS7_details')">OpenBrowser()</a>
               </td>
               <td nowrap="true">12:41:04</td>
               <td nowrap="true" align="right">8s
                  
               </td>
               <td nowrap="true">
                   
                  
               </td>
            </tr>
            <tr>
               <td colspan="4" class="detailsBox">
                  <div id="Dashboard.FunctionalTestCase_OpenBrowser_byStatus_passed_PASS7_details"
                       class="testMethodDetails">
                     <div>
                        <b>Name: </b>OpenBrowser
                     </div>
                     <div>
                        <b>Signature: </b>OpenBrowser()[pri:0, instance:Dashboard.FunctionalTestCase@29b15447]
                     </div>
                     <div>
                        <b>Start time: </b>12:41:04
                     </div>
                     <div>
                        <b>End time: </b>12:41:13
                     </div>
                     <div>
                        <b>Duration: </b>8s
                        
                     </div>
                  </div>
               </td>
            </tr>
            <tr></tr>
            <tr id="Dashboard.FunctionalTestCase_VerifyProfile_byStatus_passed_PASS8_row"
                class="testMethodStatusPASS">
               <td width="100%" class="firstMethodCell">
                  <a onclick="toggleDetailsVisibility('Dashboard.FunctionalTestCase_VerifyProfile_byStatus_passed_PASS8_details')">VerifyProfile()</a>
               </td>
               <td nowrap="true">12:41:13</td>
               <td nowrap="true" align="right">36s
                  
               </td>
               <td nowrap="true">
                   
                  
               </td>
            </tr>
            <tr>
               <td colspan="4" class="detailsBox">
                  <div id="Dashboard.FunctionalTestCase_VerifyProfile_byStatus_passed_PASS8_details"
                       class="testMethodDetails">
                     <div>
                        <b>Name: </b>VerifyProfile
                     </div>
                     <div>
                        <b>Signature: </b>VerifyProfile()[pri:0, instance:Dashboard.FunctionalTestCase@29b15447]
                     </div>
                     <div>
                        <b>Start time: </b>12:41:13
                     </div>
                     <div>
                        <b>End time: </b>12:41:49
                     </div>
                     <div>
                        <b>Duration: </b>36s
                        
                     </div>
                  </div>
               </td>
            </tr>
            <tr></tr>
            <tr id="Dashboard.FunctionalTestCase_takeScreenShotOnFailure_byStatus_passed_PASS9_row"
                class="testMethodStatusPASS testMethodStatusCONF">
               <td width="100%" class="firstMethodCell">
                  <a onclick="toggleDetailsVisibility('Dashboard.FunctionalTestCase_takeScreenShotOnFailure_byStatus_passed_PASS9_details')">takeScreenShotOnFailure([TestResult name=VerifyProfile status=SUCCESS method=FunctionalTestCase.VerifyProfile()[pri:0, instance:Dashboard.FunctionalTestCase@29b15447]
                     output={null}])
                  </a>
               </td>
               <td nowrap="true">12:41:49</td>
               <td nowrap="true" align="right">1s
                  
               </td>
               <td nowrap="true">
                   
                  
               </td>
            </tr>
            <tr>
               <td colspan="4" class="detailsBox">
                  <div id="Dashboard.FunctionalTestCase_takeScreenShotOnFailure_byStatus_passed_PASS9_details"
                       class="testMethodDetails">
                     <div>
                        <b>Name: </b>takeScreenShotOnFailure
                     </div>
                     <div>
                        <b>Signature: </b>takeScreenShotOnFailure(org.testng.ITestResult)[pri:0, instance:Dashboard.FunctionalTestCase@29b15447]
                     </div>
                     <div>
                        <b>Parameters: </b>
                        
                        [TestResult name=VerifyProfile status=SUCCESS method=FunctionalTestCase.VerifyProfile()[pri:0, instance:Dashboard.FunctionalTestCase@29b15447]
                        output={null}]
                        
                        
                     </div>
                     <div>
                        <b>Start time: </b>12:41:49
                     </div>
                     <div>
                        <b>End time: </b>12:41:51
                     </div>
                     <div>
                        <b>Duration: </b>1s
                        
                     </div>
                  </div>
               </td>
            </tr>
            <tr></tr>
            <tr id="Dashboard.FunctionalTestCase_OpenBrowser_byStatus_passed_PASS10_row"
                class="testMethodStatusPASS testMethodStatusCONF">
               <td width="100%" class="firstMethodCell">
                  <a onclick="toggleDetailsVisibility('Dashboard.FunctionalTestCase_OpenBrowser_byStatus_passed_PASS10_details')">OpenBrowser()</a>
               </td>
               <td nowrap="true">12:41:51</td>
               <td nowrap="true" align="right">9s
                  
               </td>
               <td nowrap="true">
                   
                  
               </td>
            </tr>
            <tr>
               <td colspan="4" class="detailsBox">
                  <div id="Dashboard.FunctionalTestCase_OpenBrowser_byStatus_passed_PASS10_details"
                       class="testMethodDetails">
                     <div>
                        <b>Name: </b>OpenBrowser
                     </div>
                     <div>
                        <b>Signature: </b>OpenBrowser()[pri:0, instance:Dashboard.FunctionalTestCase@29b15447]
                     </div>
                     <div>
                        <b>Start time: </b>12:41:51
                     </div>
                     <div>
                        <b>End time: </b>12:42:00
                     </div>
                     <div>
                        <b>Duration: </b>9s
                        
                     </div>
                  </div>
               </td>
            </tr>
            <tr></tr>
            <tr id="Dashboard.FunctionalTestCase_VerifyMedicalCondition_byStatus_passed_PASS11_row"
                class="testMethodStatusPASS">
               <td width="100%" class="firstMethodCell">
                  <a onclick="toggleDetailsVisibility('Dashboard.FunctionalTestCase_VerifyMedicalCondition_byStatus_passed_PASS11_details')">VerifyMedicalCondition()</a>
               </td>
               <td nowrap="true">12:42:00</td>
               <td nowrap="true" align="right">31s
                  
               </td>
               <td nowrap="true">
                   
                  
               </td>
            </tr>
            <tr>
               <td colspan="4" class="detailsBox">
                  <div id="Dashboard.FunctionalTestCase_VerifyMedicalCondition_byStatus_passed_PASS11_details"
                       class="testMethodDetails">
                     <div>
                        <b>Name: </b>VerifyMedicalCondition
                     </div>
                     <div>
                        <b>Signature: </b>VerifyMedicalCondition()[pri:0, instance:Dashboard.FunctionalTestCase@29b15447]
                     </div>
                     <div>
                        <b>Start time: </b>12:42:00
                     </div>
                     <div>
                        <b>End time: </b>12:42:32
                     </div>
                     <div>
                        <b>Duration: </b>31s
                        
                     </div>
                  </div>
               </td>
            </tr>
            <tr></tr>
            <tr id="Dashboard.FunctionalTestCase_takeScreenShotOnFailure_byStatus_passed_PASS12_row"
                class="testMethodStatusPASS testMethodStatusCONF">
               <td width="100%" class="firstMethodCell">
                  <a onclick="toggleDetailsVisibility('Dashboard.FunctionalTestCase_takeScreenShotOnFailure_byStatus_passed_PASS12_details')">takeScreenShotOnFailure([TestResult name=VerifyMedicalCondition status=SUCCESS method=FunctionalTestCase.VerifyMedicalCondition()[pri:0,
                     instance:Dashboard.FunctionalTestCase@29b15447] output={null}])
                  </a>
               </td>
               <td nowrap="true">12:42:32</td>
               <td nowrap="true" align="right">1s
                  
               </td>
               <td nowrap="true">
                   
                  
               </td>
            </tr>
            <tr>
               <td colspan="4" class="detailsBox">
                  <div id="Dashboard.FunctionalTestCase_takeScreenShotOnFailure_byStatus_passed_PASS12_details"
                       class="testMethodDetails">
                     <div>
                        <b>Name: </b>takeScreenShotOnFailure
                     </div>
                     <div>
                        <b>Signature: </b>takeScreenShotOnFailure(org.testng.ITestResult)[pri:0, instance:Dashboard.FunctionalTestCase@29b15447]
                     </div>
                     <div>
                        <b>Parameters: </b>
                        
                        [TestResult name=VerifyMedicalCondition status=SUCCESS method=FunctionalTestCase.VerifyMedicalCondition()[pri:0, instance:Dashboard.FunctionalTestCase@29b15447]
                        output={null}]
                        
                        
                     </div>
                     <div>
                        <b>Start time: </b>12:42:32
                     </div>
                     <div>
                        <b>End time: </b>12:42:34
                     </div>
                     <div>
                        <b>Duration: </b>1s
                        
                     </div>
                  </div>
               </td>
            </tr>
            <tr></tr>
            <tr id="Dashboard.FunctionalTestCase_OpenBrowser_byStatus_passed_PASS13_row"
                class="testMethodStatusPASS testMethodStatusCONF">
               <td width="100%" class="firstMethodCell">
                  <a onclick="toggleDetailsVisibility('Dashboard.FunctionalTestCase_OpenBrowser_byStatus_passed_PASS13_details')">OpenBrowser()</a>
               </td>
               <td nowrap="true">12:42:34</td>
               <td nowrap="true" align="right">11s
                  
               </td>
               <td nowrap="true">
                   
                  
               </td>
            </tr>
            <tr>
               <td colspan="4" class="detailsBox">
                  <div id="Dashboard.FunctionalTestCase_OpenBrowser_byStatus_passed_PASS13_details"
                       class="testMethodDetails">
                     <div>
                        <b>Name: </b>OpenBrowser
                     </div>
                     <div>
                        <b>Signature: </b>OpenBrowser()[pri:0, instance:Dashboard.FunctionalTestCase@29b15447]
                     </div>
                     <div>
                        <b>Start time: </b>12:42:34
                     </div>
                     <div>
                        <b>End time: </b>12:42:45
                     </div>
                     <div>
                        <b>Duration: </b>11s
                        
                     </div>
                  </div>
               </td>
            </tr>
            <tr></tr>
            <tr id="Dashboard.FunctionalTestCase_VerifyAllergy_byStatus_passed_PASS14_row"
                class="testMethodStatusPASS">
               <td width="100%" class="firstMethodCell">
                  <a onclick="toggleDetailsVisibility('Dashboard.FunctionalTestCase_VerifyAllergy_byStatus_passed_PASS14_details')">VerifyAllergy()</a>
               </td>
               <td nowrap="true">12:42:45</td>
               <td nowrap="true" align="right">29s
                  
               </td>
               <td nowrap="true">
                   
                  
               </td>
            </tr>
            <tr>
               <td colspan="4" class="detailsBox">
                  <div id="Dashboard.FunctionalTestCase_VerifyAllergy_byStatus_passed_PASS14_details"
                       class="testMethodDetails">
                     <div>
                        <b>Name: </b>VerifyAllergy
                     </div>
                     <div>
                        <b>Signature: </b>VerifyAllergy()[pri:0, instance:Dashboard.FunctionalTestCase@29b15447]
                     </div>
                     <div>
                        <b>Start time: </b>12:42:45
                     </div>
                     <div>
                        <b>End time: </b>12:43:15
                     </div>
                     <div>
                        <b>Duration: </b>29s
                        
                     </div>
                  </div>
               </td>
            </tr>
            <tr></tr>
            <tr id="Dashboard.FunctionalTestCase_takeScreenShotOnFailure_byStatus_passed_PASS15_row"
                class="testMethodStatusPASS testMethodStatusCONF">
               <td width="100%" class="firstMethodCell">
                  <a onclick="toggleDetailsVisibility('Dashboard.FunctionalTestCase_takeScreenShotOnFailure_byStatus_passed_PASS15_details')">takeScreenShotOnFailure([TestResult name=VerifyAllergy status=SUCCESS method=FunctionalTestCase.VerifyAllergy()[pri:0, instance:Dashboard.FunctionalTestCase@29b15447]
                     output={null}])
                  </a>
               </td>
               <td nowrap="true">12:43:15</td>
               <td nowrap="true" align="right">1s
                  
               </td>
               <td nowrap="true">
                   
                  
               </td>
            </tr>
            <tr>
               <td colspan="4" class="detailsBox">
                  <div id="Dashboard.FunctionalTestCase_takeScreenShotOnFailure_byStatus_passed_PASS15_details"
                       class="testMethodDetails">
                     <div>
                        <b>Name: </b>takeScreenShotOnFailure
                     </div>
                     <div>
                        <b>Signature: </b>takeScreenShotOnFailure(org.testng.ITestResult)[pri:0, instance:Dashboard.FunctionalTestCase@29b15447]
                     </div>
                     <div>
                        <b>Parameters: </b>
                        
                        [TestResult name=VerifyAllergy status=SUCCESS method=FunctionalTestCase.VerifyAllergy()[pri:0, instance:Dashboard.FunctionalTestCase@29b15447]
                        output={null}]
                        
                        
                     </div>
                     <div>
                        <b>Start time: </b>12:43:15
                     </div>
                     <div>
                        <b>End time: </b>12:43:16
                     </div>
                     <div>
                        <b>Duration: </b>1s
                        
                     </div>
                  </div>
               </td>
            </tr>
            <tr></tr>
            <tr id="Dashboard.FunctionalTestCase_OpenBrowser_byStatus_passed_PASS16_row"
                class="testMethodStatusPASS testMethodStatusCONF">
               <td width="100%" class="firstMethodCell">
                  <a onclick="toggleDetailsVisibility('Dashboard.FunctionalTestCase_OpenBrowser_byStatus_passed_PASS16_details')">OpenBrowser()</a>
               </td>
               <td nowrap="true">12:43:16</td>
               <td nowrap="true" align="right">8s
                  
               </td>
               <td nowrap="true">
                   
                  
               </td>
            </tr>
            <tr>
               <td colspan="4" class="detailsBox">
                  <div id="Dashboard.FunctionalTestCase_OpenBrowser_byStatus_passed_PASS16_details"
                       class="testMethodDetails">
                     <div>
                        <b>Name: </b>OpenBrowser
                     </div>
                     <div>
                        <b>Signature: </b>OpenBrowser()[pri:0, instance:Dashboard.FunctionalTestCase@29b15447]
                     </div>
                     <div>
                        <b>Start time: </b>12:43:16
                     </div>
                     <div>
                        <b>End time: </b>12:43:25
                     </div>
                     <div>
                        <b>Duration: </b>8s
                        
                     </div>
                  </div>
               </td>
            </tr>
            <tr></tr>
            <tr id="Dashboard.FunctionalTestCase_VerifyMyDiet_byStatus_passed_PASS17_row"
                class="testMethodStatusPASS">
               <td width="100%" class="firstMethodCell">
                  <a onclick="toggleDetailsVisibility('Dashboard.FunctionalTestCase_VerifyMyDiet_byStatus_passed_PASS17_details')">VerifyMyDiet()</a>
               </td>
               <td nowrap="true">12:43:25</td>
               <td nowrap="true" align="right">14s
                  
               </td>
               <td nowrap="true">
                   
                  
               </td>
            </tr>
            <tr>
               <td colspan="4" class="detailsBox">
                  <div id="Dashboard.FunctionalTestCase_VerifyMyDiet_byStatus_passed_PASS17_details"
                       class="testMethodDetails">
                     <div>
                        <b>Name: </b>VerifyMyDiet
                     </div>
                     <div>
                        <b>Signature: </b>VerifyMyDiet()[pri:0, instance:Dashboard.FunctionalTestCase@29b15447]
                     </div>
                     <div>
                        <b>Start time: </b>12:43:25
                     </div>
                     <div>
                        <b>End time: </b>12:43:39
                     </div>
                     <div>
                        <b>Duration: </b>14s
                        
                     </div>
                  </div>
               </td>
            </tr>
            <tr></tr>
            <tr id="Dashboard.FunctionalTestCase_takeScreenShotOnFailure_byStatus_passed_PASS18_row"
                class="testMethodStatusPASS testMethodStatusCONF">
               <td width="100%" class="firstMethodCell">
                  <a onclick="toggleDetailsVisibility('Dashboard.FunctionalTestCase_takeScreenShotOnFailure_byStatus_passed_PASS18_details')">takeScreenShotOnFailure([TestResult name=VerifyMyDiet status=SUCCESS method=FunctionalTestCase.VerifyMyDiet()[pri:0, instance:Dashboard.FunctionalTestCase@29b15447]
                     output={null}])
                  </a>
               </td>
               <td nowrap="true">12:43:39</td>
               <td nowrap="true" align="right">1s
                  
               </td>
               <td nowrap="true">
                   
                  
               </td>
            </tr>
            <tr>
               <td colspan="4" class="detailsBox">
                  <div id="Dashboard.FunctionalTestCase_takeScreenShotOnFailure_byStatus_passed_PASS18_details"
                       class="testMethodDetails">
                     <div>
                        <b>Name: </b>takeScreenShotOnFailure
                     </div>
                     <div>
                        <b>Signature: </b>takeScreenShotOnFailure(org.testng.ITestResult)[pri:0, instance:Dashboard.FunctionalTestCase@29b15447]
                     </div>
                     <div>
                        <b>Parameters: </b>
                        
                        [TestResult name=VerifyMyDiet status=SUCCESS method=FunctionalTestCase.VerifyMyDiet()[pri:0, instance:Dashboard.FunctionalTestCase@29b15447]
                        output={null}]
                        
                        
                     </div>
                     <div>
                        <b>Start time: </b>12:43:39
                     </div>
                     <div>
                        <b>End time: </b>12:43:41
                     </div>
                     <div>
                        <b>Duration: </b>1s
                        
                     </div>
                  </div>
               </td>
            </tr>
            <tr></tr>
            <tr id="Dashboard.FunctionalTestCase_OpenBrowser_byStatus_passed_PASS19_row"
                class="testMethodStatusPASS testMethodStatusCONF">
               <td width="100%" class="firstMethodCell">
                  <a onclick="toggleDetailsVisibility('Dashboard.FunctionalTestCase_OpenBrowser_byStatus_passed_PASS19_details')">OpenBrowser()</a>
               </td>
               <td nowrap="true">12:43:41</td>
               <td nowrap="true" align="right">11s
                  
               </td>
               <td nowrap="true">
                   
                  
               </td>
            </tr>
            <tr>
               <td colspan="4" class="detailsBox">
                  <div id="Dashboard.FunctionalTestCase_OpenBrowser_byStatus_passed_PASS19_details"
                       class="testMethodDetails">
                     <div>
                        <b>Name: </b>OpenBrowser
                     </div>
                     <div>
                        <b>Signature: </b>OpenBrowser()[pri:0, instance:Dashboard.FunctionalTestCase@29b15447]
                     </div>
                     <div>
                        <b>Start time: </b>12:43:41
                     </div>
                     <div>
                        <b>End time: </b>12:43:52
                     </div>
                     <div>
                        <b>Duration: </b>11s
                        
                     </div>
                  </div>
               </td>
            </tr>
            <tr></tr>
            <tr id="Dashboard.FunctionalTestCase_VerifyExercise_byStatus_passed_PASS20_row"
                class="testMethodStatusPASS">
               <td width="100%" class="firstMethodCell">
                  <a onclick="toggleDetailsVisibility('Dashboard.FunctionalTestCase_VerifyExercise_byStatus_passed_PASS20_details')">VerifyExercise()</a>
               </td>
               <td nowrap="true">12:43:52</td>
               <td nowrap="true" align="right">17s
                  
               </td>
               <td nowrap="true">
                   
                  
               </td>
            </tr>
            <tr>
               <td colspan="4" class="detailsBox">
                  <div id="Dashboard.FunctionalTestCase_VerifyExercise_byStatus_passed_PASS20_details"
                       class="testMethodDetails">
                     <div>
                        <b>Name: </b>VerifyExercise
                     </div>
                     <div>
                        <b>Signature: </b>VerifyExercise()[pri:0, instance:Dashboard.FunctionalTestCase@29b15447]
                     </div>
                     <div>
                        <b>Start time: </b>12:43:52
                     </div>
                     <div>
                        <b>End time: </b>12:44:10
                     </div>
                     <div>
                        <b>Duration: </b>17s
                        
                     </div>
                  </div>
               </td>
            </tr>
            <tr></tr>
            <tr id="Dashboard.FunctionalTestCase_takeScreenShotOnFailure_byStatus_passed_PASS21_row"
                class="testMethodStatusPASS testMethodStatusCONF">
               <td width="100%" class="firstMethodCell">
                  <a onclick="toggleDetailsVisibility('Dashboard.FunctionalTestCase_takeScreenShotOnFailure_byStatus_passed_PASS21_details')">takeScreenShotOnFailure([TestResult name=VerifyExercise status=SUCCESS method=FunctionalTestCase.VerifyExercise()[pri:0, instance:Dashboard.FunctionalTestCase@29b15447]
                     output={null}])
                  </a>
               </td>
               <td nowrap="true">12:44:10</td>
               <td nowrap="true" align="right">1s
                  
               </td>
               <td nowrap="true">
                   
                  
               </td>
            </tr>
            <tr>
               <td colspan="4" class="detailsBox">
                  <div id="Dashboard.FunctionalTestCase_takeScreenShotOnFailure_byStatus_passed_PASS21_details"
                       class="testMethodDetails">
                     <div>
                        <b>Name: </b>takeScreenShotOnFailure
                     </div>
                     <div>
                        <b>Signature: </b>takeScreenShotOnFailure(org.testng.ITestResult)[pri:0, instance:Dashboard.FunctionalTestCase@29b15447]
                     </div>
                     <div>
                        <b>Parameters: </b>
                        
                        [TestResult name=VerifyExercise status=SUCCESS method=FunctionalTestCase.VerifyExercise()[pri:0, instance:Dashboard.FunctionalTestCase@29b15447]
                        output={null}]
                        
                        
                     </div>
                     <div>
                        <b>Start time: </b>12:44:10
                     </div>
                     <div>
                        <b>End time: </b>12:44:11
                     </div>
                     <div>
                        <b>Duration: </b>1s
                        
                     </div>
                  </div>
               </td>
            </tr>
            <tr></tr>
            <tr id="Dashboard.FunctionalTestCase_OpenBrowser_byStatus_passed_PASS22_row"
                class="testMethodStatusPASS testMethodStatusCONF">
               <td width="100%" class="firstMethodCell">
                  <a onclick="toggleDetailsVisibility('Dashboard.FunctionalTestCase_OpenBrowser_byStatus_passed_PASS22_details')">OpenBrowser()</a>
               </td>
               <td nowrap="true">12:44:11</td>
               <td nowrap="true" align="right">14s
                  
               </td>
               <td nowrap="true">
                   
                  
               </td>
            </tr>
            <tr>
               <td colspan="4" class="detailsBox">
                  <div id="Dashboard.FunctionalTestCase_OpenBrowser_byStatus_passed_PASS22_details"
                       class="testMethodDetails">
                     <div>
                        <b>Name: </b>OpenBrowser
                     </div>
                     <div>
                        <b>Signature: </b>OpenBrowser()[pri:0, instance:Dashboard.FunctionalTestCase@29b15447]
                     </div>
                     <div>
                        <b>Start time: </b>12:44:11
                     </div>
                     <div>
                        <b>End time: </b>12:44:25
                     </div>
                     <div>
                        <b>Duration: </b>14s
                        
                     </div>
                  </div>
               </td>
            </tr>
            <tr></tr>
            <tr id="Dashboard.FunctionalTestCase_VerifyMedication_byStatus_passed_PASS23_row"
                class="testMethodStatusPASS">
               <td width="100%" class="firstMethodCell">
                  <a onclick="toggleDetailsVisibility('Dashboard.FunctionalTestCase_VerifyMedication_byStatus_passed_PASS23_details')">VerifyMedication()</a>
               </td>
               <td nowrap="true">12:44:25</td>
               <td nowrap="true" align="right">26s
                  
               </td>
               <td nowrap="true">
                   
                  
               </td>
            </tr>
            <tr>
               <td colspan="4" class="detailsBox">
                  <div id="Dashboard.FunctionalTestCase_VerifyMedication_byStatus_passed_PASS23_details"
                       class="testMethodDetails">
                     <div>
                        <b>Name: </b>VerifyMedication
                     </div>
                     <div>
                        <b>Signature: </b>VerifyMedication()[pri:0, instance:Dashboard.FunctionalTestCase@29b15447]
                     </div>
                     <div>
                        <b>Start time: </b>12:44:25
                     </div>
                     <div>
                        <b>End time: </b>12:44:52
                     </div>
                     <div>
                        <b>Duration: </b>26s
                        
                     </div>
                  </div>
               </td>
            </tr>
            <tr></tr>
            <tr id="Dashboard.FunctionalTestCase_takeScreenShotOnFailure_byStatus_passed_PASS24_row"
                class="testMethodStatusPASS testMethodStatusCONF">
               <td width="100%" class="firstMethodCell">
                  <a onclick="toggleDetailsVisibility('Dashboard.FunctionalTestCase_takeScreenShotOnFailure_byStatus_passed_PASS24_details')">takeScreenShotOnFailure([TestResult name=VerifyMedication status=SUCCESS method=FunctionalTestCase.VerifyMedication()[pri:0,
                     instance:Dashboard.FunctionalTestCase@29b15447] output={null}])
                  </a>
               </td>
               <td nowrap="true">12:44:52</td>
               <td nowrap="true" align="right">1s
                  
               </td>
               <td nowrap="true">
                   
                  
               </td>
            </tr>
            <tr>
               <td colspan="4" class="detailsBox">
                  <div id="Dashboard.FunctionalTestCase_takeScreenShotOnFailure_byStatus_passed_PASS24_details"
                       class="testMethodDetails">
                     <div>
                        <b>Name: </b>takeScreenShotOnFailure
                     </div>
                     <div>
                        <b>Signature: </b>takeScreenShotOnFailure(org.testng.ITestResult)[pri:0, instance:Dashboard.FunctionalTestCase@29b15447]
                     </div>
                     <div>
                        <b>Parameters: </b>
                        
                        [TestResult name=VerifyMedication status=SUCCESS method=FunctionalTestCase.VerifyMedication()[pri:0, instance:Dashboard.FunctionalTestCase@29b15447]
                        output={null}]
                        
                        
                     </div>
                     <div>
                        <b>Start time: </b>12:44:52
                     </div>
                     <div>
                        <b>End time: </b>12:44:53
                     </div>
                     <div>
                        <b>Duration: </b>1s
                        
                     </div>
                  </div>
               </td>
            </tr>
            <tr></tr>
            <tr id="Dashboard.FunctionalTestCase_OpenBrowser_byStatus_passed_PASS25_row"
                class="testMethodStatusPASS testMethodStatusCONF">
               <td width="100%" class="firstMethodCell">
                  <a onclick="toggleDetailsVisibility('Dashboard.FunctionalTestCase_OpenBrowser_byStatus_passed_PASS25_details')">OpenBrowser()</a>
               </td>
               <td nowrap="true">12:44:53</td>
               <td nowrap="true" align="right">9s
                  
               </td>
               <td nowrap="true">
                   
                  
               </td>
            </tr>
            <tr>
               <td colspan="4" class="detailsBox">
                  <div id="Dashboard.FunctionalTestCase_OpenBrowser_byStatus_passed_PASS25_details"
                       class="testMethodDetails">
                     <div>
                        <b>Name: </b>OpenBrowser
                     </div>
                     <div>
                        <b>Signature: </b>OpenBrowser()[pri:0, instance:Dashboard.FunctionalTestCase@29b15447]
                     </div>
                     <div>
                        <b>Start time: </b>12:44:53
                     </div>
                     <div>
                        <b>End time: </b>12:45:03
                     </div>
                     <div>
                        <b>Duration: </b>9s
                        
                     </div>
                  </div>
               </td>
            </tr>
            <tr></tr>
            <tr id="Dashboard.FunctionalTestCase_OpenBrowser_byStatus_skiped_SKIP1_row"
                class="testMethodStatusSKIP testMethodStatusCONF">
               <td width="100%" class="firstMethodCell">
                  <a onclick="toggleDetailsVisibility('Dashboard.FunctionalTestCase_OpenBrowser_byStatus_skiped_SKIP1_details')">OpenBrowser()</a>
               </td>
               <td nowrap="true">12:45:34</td>
               <td nowrap="true" align="right">0 ms
                  
               </td>
               <td nowrap="true">
                   
                  
               </td>
            </tr>
            <tr>
               <td colspan="4" class="detailsBox">
                  <div id="Dashboard.FunctionalTestCase_OpenBrowser_byStatus_skiped_SKIP1_details"
                       class="testMethodDetails">
                     <div>
                        <b>Name: </b>OpenBrowser
                     </div>
                     <div>
                        <b>Signature: </b>OpenBrowser()[pri:0, instance:Dashboard.FunctionalTestCase@29b15447]
                     </div>
                     <div>
                        <b>Start time: </b>12:45:34
                     </div>
                     <div>
                        <b>End time: </b>12:45:34
                     </div>
                     <div>
                        <b>Duration: </b>0 ms
                        
                     </div>
                  </div>
               </td>
            </tr>
            <tr></tr>
            <tr id="Dashboard.FunctionalTestCase_VerifyHealthEducation_byStatus_skiped_SKIP2_row"
                class="testMethodStatusSKIP">
               <td width="100%" class="firstMethodCell">
                  <a onclick="toggleDetailsVisibility('Dashboard.FunctionalTestCase_VerifyHealthEducation_byStatus_skiped_SKIP2_details')">VerifyHealthEducation()</a>
               </td>
               <td nowrap="true">12:45:34</td>
               <td nowrap="true" align="right">0 ms
                  
               </td>
               <td nowrap="true">
                   
                  
               </td>
            </tr>
            <tr>
               <td colspan="4" class="detailsBox">
                  <div id="Dashboard.FunctionalTestCase_VerifyHealthEducation_byStatus_skiped_SKIP2_details"
                       class="testMethodDetails">
                     <div>
                        <b>Name: </b>VerifyHealthEducation
                     </div>
                     <div>
                        <b>Signature: </b>VerifyHealthEducation()[pri:0, instance:Dashboard.FunctionalTestCase@29b15447]
                     </div>
                     <div>
                        <b>Start time: </b>12:45:34
                     </div>
                     <div>
                        <b>End time: </b>12:45:34
                     </div>
                     <div>
                        <b>Duration: </b>0 ms
                        
                     </div>
                  </div>
               </td>
            </tr>
            <tr></tr>
            <tr id="Dashboard.FunctionalTestCase_takeScreenShotOnFailure_byStatus_skiped_SKIP3_row"
                class="testMethodStatusSKIP testMethodStatusCONF">
               <td width="100%" class="firstMethodCell">
                  <a onclick="toggleDetailsVisibility('Dashboard.FunctionalTestCase_takeScreenShotOnFailure_byStatus_skiped_SKIP3_details')">takeScreenShotOnFailure()</a>
               </td>
               <td nowrap="true">12:45:34</td>
               <td nowrap="true" align="right">0 ms
                  
               </td>
               <td nowrap="true">
                   
                  
               </td>
            </tr>
            <tr>
               <td colspan="4" class="detailsBox">
                  <div id="Dashboard.FunctionalTestCase_takeScreenShotOnFailure_byStatus_skiped_SKIP3_details"
                       class="testMethodDetails">
                     <div>
                        <b>Name: </b>takeScreenShotOnFailure
                     </div>
                     <div>
                        <b>Signature: </b>takeScreenShotOnFailure(org.testng.ITestResult)[pri:0, instance:Dashboard.FunctionalTestCase@29b15447]
                     </div>
                     <div>
                        <b>Start time: </b>12:45:34
                     </div>
                     <div>
                        <b>End time: </b>12:45:34
                     </div>
                     <div>
                        <b>Duration: </b>0 ms
                        
                     </div>
                  </div>
               </td>
            </tr>
            <tr></tr>
         </table>
      </div>
      <div id="testMethodsByClass">
         <table class="testMethodsTable" cellpadding="0" cellspacing="0">
            <tr>
               <td colspan="4">
                  <h3 style="display: inline;">Dashboard.FunctionalTestCase</h3>
               </td>
            </tr>
            <tr class="methodsTableHeader">
               <td width="100%">Name</td>
               <td nowrap="true">Started</td>
               <td nowrap="true">Duration</td>
               <td>Exception</td>
            </tr>
            <tr id="Dashboard.FunctionalTestCase_OpenBrowser_byClass_PASS1_row"
                class="testMethodStatusPASS testMethodStatusCONF">
               <td width="100%" class="firstMethodCell">
                  <a onclick="toggleDetailsVisibility('Dashboard.FunctionalTestCase_OpenBrowser_byClass_PASS1_details')">OpenBrowser()</a>
               </td>
               <td nowrap="true">12:39:50</td>
               <td nowrap="true" align="right">9s
                  
               </td>
               <td nowrap="true">
                   
                  
               </td>
            </tr>
            <tr>
               <td colspan="4" class="detailsBox">
                  <div id="Dashboard.FunctionalTestCase_OpenBrowser_byClass_PASS1_details"
                       class="testMethodDetails">
                     <div>
                        <b>Name: </b>OpenBrowser
                     </div>
                     <div>
                        <b>Signature: </b>OpenBrowser()[pri:0, instance:Dashboard.FunctionalTestCase@29b15447]
                     </div>
                     <div>
                        <b>Start time: </b>12:39:50
                     </div>
                     <div>
                        <b>End time: </b>12:40:00
                     </div>
                     <div>
                        <b>Duration: </b>9s
                        
                     </div>
                  </div>
               </td>
            </tr>
            <tr></tr>
            <tr id="Dashboard.FunctionalTestCase_VerifyDashboard_byClass_PASS2_row"
                class="testMethodStatusPASS">
               <td width="100%" class="firstMethodCell">
                  <a onclick="toggleDetailsVisibility('Dashboard.FunctionalTestCase_VerifyDashboard_byClass_PASS2_details')">VerifyDashboard()</a>
               </td>
               <td nowrap="true">12:40:00</td>
               <td nowrap="true" align="right">26s
                  
               </td>
               <td nowrap="true">
                   
                  
               </td>
            </tr>
            <tr>
               <td colspan="4" class="detailsBox">
                  <div id="Dashboard.FunctionalTestCase_VerifyDashboard_byClass_PASS2_details"
                       class="testMethodDetails">
                     <div>
                        <b>Name: </b>VerifyDashboard
                     </div>
                     <div>
                        <b>Signature: </b>VerifyDashboard()[pri:0, instance:Dashboard.FunctionalTestCase@29b15447]
                     </div>
                     <div>
                        <b>Start time: </b>12:40:00
                     </div>
                     <div>
                        <b>End time: </b>12:40:26
                     </div>
                     <div>
                        <b>Duration: </b>26s
                        
                     </div>
                  </div>
               </td>
            </tr>
            <tr></tr>
            <tr id="Dashboard.FunctionalTestCase_takeScreenShotOnFailure_byClass_PASS3_row"
                class="testMethodStatusPASS testMethodStatusCONF">
               <td width="100%" class="firstMethodCell">
                  <a onclick="toggleDetailsVisibility('Dashboard.FunctionalTestCase_takeScreenShotOnFailure_byClass_PASS3_details')">takeScreenShotOnFailure([TestResult name=VerifyDashboard status=SUCCESS method=FunctionalTestCase.VerifyDashboard()[pri:0,
                     instance:Dashboard.FunctionalTestCase@29b15447] output={null}])
                  </a>
               </td>
               <td nowrap="true">12:40:26</td>
               <td nowrap="true" align="right">1s
                  
               </td>
               <td nowrap="true">
                   
                  
               </td>
            </tr>
            <tr>
               <td colspan="4" class="detailsBox">
                  <div id="Dashboard.FunctionalTestCase_takeScreenShotOnFailure_byClass_PASS3_details"
                       class="testMethodDetails">
                     <div>
                        <b>Name: </b>takeScreenShotOnFailure
                     </div>
                     <div>
                        <b>Signature: </b>takeScreenShotOnFailure(org.testng.ITestResult)[pri:0, instance:Dashboard.FunctionalTestCase@29b15447]
                     </div>
                     <div>
                        <b>Parameters: </b>
                        
                        [TestResult name=VerifyDashboard status=SUCCESS method=FunctionalTestCase.VerifyDashboard()[pri:0, instance:Dashboard.FunctionalTestCase@29b15447]
                        output={null}]
                        
                        
                     </div>
                     <div>
                        <b>Start time: </b>12:40:26
                     </div>
                     <div>
                        <b>End time: </b>12:40:27
                     </div>
                     <div>
                        <b>Duration: </b>1s
                        
                     </div>
                  </div>
               </td>
            </tr>
            <tr></tr>
            <tr id="Dashboard.FunctionalTestCase_OpenBrowser_byClass_PASS4_row"
                class="testMethodStatusPASS testMethodStatusCONF">
               <td width="100%" class="firstMethodCell">
                  <a onclick="toggleDetailsVisibility('Dashboard.FunctionalTestCase_OpenBrowser_byClass_PASS4_details')">OpenBrowser()</a>
               </td>
               <td nowrap="true">12:40:27</td>
               <td nowrap="true" align="right">9s
                  
               </td>
               <td nowrap="true">
                   
                  
               </td>
            </tr>
            <tr>
               <td colspan="4" class="detailsBox">
                  <div id="Dashboard.FunctionalTestCase_OpenBrowser_byClass_PASS4_details"
                       class="testMethodDetails">
                     <div>
                        <b>Name: </b>OpenBrowser
                     </div>
                     <div>
                        <b>Signature: </b>OpenBrowser()[pri:0, instance:Dashboard.FunctionalTestCase@29b15447]
                     </div>
                     <div>
                        <b>Start time: </b>12:40:27
                     </div>
                     <div>
                        <b>End time: </b>12:40:37
                     </div>
                     <div>
                        <b>Duration: </b>9s
                        
                     </div>
                  </div>
               </td>
            </tr>
            <tr></tr>
            <tr id="Dashboard.FunctionalTestCase_VerifyHome_byClass_PASS5_row"
                class="testMethodStatusPASS">
               <td width="100%" class="firstMethodCell">
                  <a onclick="toggleDetailsVisibility('Dashboard.FunctionalTestCase_VerifyHome_byClass_PASS5_details')">VerifyHome()</a>
               </td>
               <td nowrap="true">12:40:37</td>
               <td nowrap="true" align="right">25s
                  
               </td>
               <td nowrap="true">
                   
                  
               </td>
            </tr>
            <tr>
               <td colspan="4" class="detailsBox">
                  <div id="Dashboard.FunctionalTestCase_VerifyHome_byClass_PASS5_details"
                       class="testMethodDetails">
                     <div>
                        <b>Name: </b>VerifyHome
                     </div>
                     <div>
                        <b>Signature: </b>VerifyHome()[pri:0, instance:Dashboard.FunctionalTestCase@29b15447]
                     </div>
                     <div>
                        <b>Start time: </b>12:40:37
                     </div>
                     <div>
                        <b>End time: </b>12:41:03
                     </div>
                     <div>
                        <b>Duration: </b>25s
                        
                     </div>
                  </div>
               </td>
            </tr>
            <tr></tr>
            <tr id="Dashboard.FunctionalTestCase_takeScreenShotOnFailure_byClass_PASS6_row"
                class="testMethodStatusPASS testMethodStatusCONF">
               <td width="100%" class="firstMethodCell">
                  <a onclick="toggleDetailsVisibility('Dashboard.FunctionalTestCase_takeScreenShotOnFailure_byClass_PASS6_details')">takeScreenShotOnFailure([TestResult name=VerifyHome status=SUCCESS method=FunctionalTestCase.VerifyHome()[pri:0, instance:Dashboard.FunctionalTestCase@29b15447]
                     output={null}])
                  </a>
               </td>
               <td nowrap="true">12:41:03</td>
               <td nowrap="true" align="right">1s
                  
               </td>
               <td nowrap="true">
                   
                  
               </td>
            </tr>
            <tr>
               <td colspan="4" class="detailsBox">
                  <div id="Dashboard.FunctionalTestCase_takeScreenShotOnFailure_byClass_PASS6_details"
                       class="testMethodDetails">
                     <div>
                        <b>Name: </b>takeScreenShotOnFailure
                     </div>
                     <div>
                        <b>Signature: </b>takeScreenShotOnFailure(org.testng.ITestResult)[pri:0, instance:Dashboard.FunctionalTestCase@29b15447]
                     </div>
                     <div>
                        <b>Parameters: </b>
                        
                        [TestResult name=VerifyHome status=SUCCESS method=FunctionalTestCase.VerifyHome()[pri:0, instance:Dashboard.FunctionalTestCase@29b15447]
                        output={null}]
                        
                        
                     </div>
                     <div>
                        <b>Start time: </b>12:41:03
                     </div>
                     <div>
                        <b>End time: </b>12:41:04
                     </div>
                     <div>
                        <b>Duration: </b>1s
                        
                     </div>
                  </div>
               </td>
            </tr>
            <tr></tr>
            <tr id="Dashboard.FunctionalTestCase_OpenBrowser_byClass_PASS7_row"
                class="testMethodStatusPASS testMethodStatusCONF">
               <td width="100%" class="firstMethodCell">
                  <a onclick="toggleDetailsVisibility('Dashboard.FunctionalTestCase_OpenBrowser_byClass_PASS7_details')">OpenBrowser()</a>
               </td>
               <td nowrap="true">12:41:04</td>
               <td nowrap="true" align="right">8s
                  
               </td>
               <td nowrap="true">
                   
                  
               </td>
            </tr>
            <tr>
               <td colspan="4" class="detailsBox">
                  <div id="Dashboard.FunctionalTestCase_OpenBrowser_byClass_PASS7_details"
                       class="testMethodDetails">
                     <div>
                        <b>Name: </b>OpenBrowser
                     </div>
                     <div>
                        <b>Signature: </b>OpenBrowser()[pri:0, instance:Dashboard.FunctionalTestCase@29b15447]
                     </div>
                     <div>
                        <b>Start time: </b>12:41:04
                     </div>
                     <div>
                        <b>End time: </b>12:41:13
                     </div>
                     <div>
                        <b>Duration: </b>8s
                        
                     </div>
                  </div>
               </td>
            </tr>
            <tr></tr>
            <tr id="Dashboard.FunctionalTestCase_VerifyProfile_byClass_PASS8_row"
                class="testMethodStatusPASS">
               <td width="100%" class="firstMethodCell">
                  <a onclick="toggleDetailsVisibility('Dashboard.FunctionalTestCase_VerifyProfile_byClass_PASS8_details')">VerifyProfile()</a>
               </td>
               <td nowrap="true">12:41:13</td>
               <td nowrap="true" align="right">36s
                  
               </td>
               <td nowrap="true">
                   
                  
               </td>
            </tr>
            <tr>
               <td colspan="4" class="detailsBox">
                  <div id="Dashboard.FunctionalTestCase_VerifyProfile_byClass_PASS8_details"
                       class="testMethodDetails">
                     <div>
                        <b>Name: </b>VerifyProfile
                     </div>
                     <div>
                        <b>Signature: </b>VerifyProfile()[pri:0, instance:Dashboard.FunctionalTestCase@29b15447]
                     </div>
                     <div>
                        <b>Start time: </b>12:41:13
                     </div>
                     <div>
                        <b>End time: </b>12:41:49
                     </div>
                     <div>
                        <b>Duration: </b>36s
                        
                     </div>
                  </div>
               </td>
            </tr>
            <tr></tr>
            <tr id="Dashboard.FunctionalTestCase_takeScreenShotOnFailure_byClass_PASS9_row"
                class="testMethodStatusPASS testMethodStatusCONF">
               <td width="100%" class="firstMethodCell">
                  <a onclick="toggleDetailsVisibility('Dashboard.FunctionalTestCase_takeScreenShotOnFailure_byClass_PASS9_details')">takeScreenShotOnFailure([TestResult name=VerifyProfile status=SUCCESS method=FunctionalTestCase.VerifyProfile()[pri:0, instance:Dashboard.FunctionalTestCase@29b15447]
                     output={null}])
                  </a>
               </td>
               <td nowrap="true">12:41:49</td>
               <td nowrap="true" align="right">1s
                  
               </td>
               <td nowrap="true">
                   
                  
               </td>
            </tr>
            <tr>
               <td colspan="4" class="detailsBox">
                  <div id="Dashboard.FunctionalTestCase_takeScreenShotOnFailure_byClass_PASS9_details"
                       class="testMethodDetails">
                     <div>
                        <b>Name: </b>takeScreenShotOnFailure
                     </div>
                     <div>
                        <b>Signature: </b>takeScreenShotOnFailure(org.testng.ITestResult)[pri:0, instance:Dashboard.FunctionalTestCase@29b15447]
                     </div>
                     <div>
                        <b>Parameters: </b>
                        
                        [TestResult name=VerifyProfile status=SUCCESS method=FunctionalTestCase.VerifyProfile()[pri:0, instance:Dashboard.FunctionalTestCase@29b15447]
                        output={null}]
                        
                        
                     </div>
                     <div>
                        <b>Start time: </b>12:41:49
                     </div>
                     <div>
                        <b>End time: </b>12:41:51
                     </div>
                     <div>
                        <b>Duration: </b>1s
                        
                     </div>
                  </div>
               </td>
            </tr>
            <tr></tr>
            <tr id="Dashboard.FunctionalTestCase_OpenBrowser_byClass_PASS10_row"
                class="testMethodStatusPASS testMethodStatusCONF">
               <td width="100%" class="firstMethodCell">
                  <a onclick="toggleDetailsVisibility('Dashboard.FunctionalTestCase_OpenBrowser_byClass_PASS10_details')">OpenBrowser()</a>
               </td>
               <td nowrap="true">12:41:51</td>
               <td nowrap="true" align="right">9s
                  
               </td>
               <td nowrap="true">
                   
                  
               </td>
            </tr>
            <tr>
               <td colspan="4" class="detailsBox">
                  <div id="Dashboard.FunctionalTestCase_OpenBrowser_byClass_PASS10_details"
                       class="testMethodDetails">
                     <div>
                        <b>Name: </b>OpenBrowser
                     </div>
                     <div>
                        <b>Signature: </b>OpenBrowser()[pri:0, instance:Dashboard.FunctionalTestCase@29b15447]
                     </div>
                     <div>
                        <b>Start time: </b>12:41:51
                     </div>
                     <div>
                        <b>End time: </b>12:42:00
                     </div>
                     <div>
                        <b>Duration: </b>9s
                        
                     </div>
                  </div>
               </td>
            </tr>
            <tr></tr>
            <tr id="Dashboard.FunctionalTestCase_VerifyMedicalCondition_byClass_PASS11_row"
                class="testMethodStatusPASS">
               <td width="100%" class="firstMethodCell">
                  <a onclick="toggleDetailsVisibility('Dashboard.FunctionalTestCase_VerifyMedicalCondition_byClass_PASS11_details')">VerifyMedicalCondition()</a>
               </td>
               <td nowrap="true">12:42:00</td>
               <td nowrap="true" align="right">31s
                  
               </td>
               <td nowrap="true">
                   
                  
               </td>
            </tr>
            <tr>
               <td colspan="4" class="detailsBox">
                  <div id="Dashboard.FunctionalTestCase_VerifyMedicalCondition_byClass_PASS11_details"
                       class="testMethodDetails">
                     <div>
                        <b>Name: </b>VerifyMedicalCondition
                     </div>
                     <div>
                        <b>Signature: </b>VerifyMedicalCondition()[pri:0, instance:Dashboard.FunctionalTestCase@29b15447]
                     </div>
                     <div>
                        <b>Start time: </b>12:42:00
                     </div>
                     <div>
                        <b>End time: </b>12:42:32
                     </div>
                     <div>
                        <b>Duration: </b>31s
                        
                     </div>
                  </div>
               </td>
            </tr>
            <tr></tr>
            <tr id="Dashboard.FunctionalTestCase_takeScreenShotOnFailure_byClass_PASS12_row"
                class="testMethodStatusPASS testMethodStatusCONF">
               <td width="100%" class="firstMethodCell">
                  <a onclick="toggleDetailsVisibility('Dashboard.FunctionalTestCase_takeScreenShotOnFailure_byClass_PASS12_details')">takeScreenShotOnFailure([TestResult name=VerifyMedicalCondition status=SUCCESS method=FunctionalTestCase.VerifyMedicalCondition()[pri:0,
                     instance:Dashboard.FunctionalTestCase@29b15447] output={null}])
                  </a>
               </td>
               <td nowrap="true">12:42:32</td>
               <td nowrap="true" align="right">1s
                  
               </td>
               <td nowrap="true">
                   
                  
               </td>
            </tr>
            <tr>
               <td colspan="4" class="detailsBox">
                  <div id="Dashboard.FunctionalTestCase_takeScreenShotOnFailure_byClass_PASS12_details"
                       class="testMethodDetails">
                     <div>
                        <b>Name: </b>takeScreenShotOnFailure
                     </div>
                     <div>
                        <b>Signature: </b>takeScreenShotOnFailure(org.testng.ITestResult)[pri:0, instance:Dashboard.FunctionalTestCase@29b15447]
                     </div>
                     <div>
                        <b>Parameters: </b>
                        
                        [TestResult name=VerifyMedicalCondition status=SUCCESS method=FunctionalTestCase.VerifyMedicalCondition()[pri:0, instance:Dashboard.FunctionalTestCase@29b15447]
                        output={null}]
                        
                        
                     </div>
                     <div>
                        <b>Start time: </b>12:42:32
                     </div>
                     <div>
                        <b>End time: </b>12:42:34
                     </div>
                     <div>
                        <b>Duration: </b>1s
                        
                     </div>
                  </div>
               </td>
            </tr>
            <tr></tr>
            <tr id="Dashboard.FunctionalTestCase_OpenBrowser_byClass_PASS13_row"
                class="testMethodStatusPASS testMethodStatusCONF">
               <td width="100%" class="firstMethodCell">
                  <a onclick="toggleDetailsVisibility('Dashboard.FunctionalTestCase_OpenBrowser_byClass_PASS13_details')">OpenBrowser()</a>
               </td>
               <td nowrap="true">12:42:34</td>
               <td nowrap="true" align="right">11s
                  
               </td>
               <td nowrap="true">
                   
                  
               </td>
            </tr>
            <tr>
               <td colspan="4" class="detailsBox">
                  <div id="Dashboard.FunctionalTestCase_OpenBrowser_byClass_PASS13_details"
                       class="testMethodDetails">
                     <div>
                        <b>Name: </b>OpenBrowser
                     </div>
                     <div>
                        <b>Signature: </b>OpenBrowser()[pri:0, instance:Dashboard.FunctionalTestCase@29b15447]
                     </div>
                     <div>
                        <b>Start time: </b>12:42:34
                     </div>
                     <div>
                        <b>End time: </b>12:42:45
                     </div>
                     <div>
                        <b>Duration: </b>11s
                        
                     </div>
                  </div>
               </td>
            </tr>
            <tr></tr>
            <tr id="Dashboard.FunctionalTestCase_VerifyAllergy_byClass_PASS14_row"
                class="testMethodStatusPASS">
               <td width="100%" class="firstMethodCell">
                  <a onclick="toggleDetailsVisibility('Dashboard.FunctionalTestCase_VerifyAllergy_byClass_PASS14_details')">VerifyAllergy()</a>
               </td>
               <td nowrap="true">12:42:45</td>
               <td nowrap="true" align="right">29s
                  
               </td>
               <td nowrap="true">
                   
                  
               </td>
            </tr>
            <tr>
               <td colspan="4" class="detailsBox">
                  <div id="Dashboard.FunctionalTestCase_VerifyAllergy_byClass_PASS14_details"
                       class="testMethodDetails">
                     <div>
                        <b>Name: </b>VerifyAllergy
                     </div>
                     <div>
                        <b>Signature: </b>VerifyAllergy()[pri:0, instance:Dashboard.FunctionalTestCase@29b15447]
                     </div>
                     <div>
                        <b>Start time: </b>12:42:45
                     </div>
                     <div>
                        <b>End time: </b>12:43:15
                     </div>
                     <div>
                        <b>Duration: </b>29s
                        
                     </div>
                  </div>
               </td>
            </tr>
            <tr></tr>
            <tr id="Dashboard.FunctionalTestCase_takeScreenShotOnFailure_byClass_PASS15_row"
                class="testMethodStatusPASS testMethodStatusCONF">
               <td width="100%" class="firstMethodCell">
                  <a onclick="toggleDetailsVisibility('Dashboard.FunctionalTestCase_takeScreenShotOnFailure_byClass_PASS15_details')">takeScreenShotOnFailure([TestResult name=VerifyAllergy status=SUCCESS method=FunctionalTestCase.VerifyAllergy()[pri:0, instance:Dashboard.FunctionalTestCase@29b15447]
                     output={null}])
                  </a>
               </td>
               <td nowrap="true">12:43:15</td>
               <td nowrap="true" align="right">1s
                  
               </td>
               <td nowrap="true">
                   
                  
               </td>
            </tr>
            <tr>
               <td colspan="4" class="detailsBox">
                  <div id="Dashboard.FunctionalTestCase_takeScreenShotOnFailure_byClass_PASS15_details"
                       class="testMethodDetails">
                     <div>
                        <b>Name: </b>takeScreenShotOnFailure
                     </div>
                     <div>
                        <b>Signature: </b>takeScreenShotOnFailure(org.testng.ITestResult)[pri:0, instance:Dashboard.FunctionalTestCase@29b15447]
                     </div>
                     <div>
                        <b>Parameters: </b>
                        
                        [TestResult name=VerifyAllergy status=SUCCESS method=FunctionalTestCase.VerifyAllergy()[pri:0, instance:Dashboard.FunctionalTestCase@29b15447]
                        output={null}]
                        
                        
                     </div>
                     <div>
                        <b>Start time: </b>12:43:15
                     </div>
                     <div>
                        <b>End time: </b>12:43:16
                     </div>
                     <div>
                        <b>Duration: </b>1s
                        
                     </div>
                  </div>
               </td>
            </tr>
            <tr></tr>
            <tr id="Dashboard.FunctionalTestCase_OpenBrowser_byClass_PASS16_row"
                class="testMethodStatusPASS testMethodStatusCONF">
               <td width="100%" class="firstMethodCell">
                  <a onclick="toggleDetailsVisibility('Dashboard.FunctionalTestCase_OpenBrowser_byClass_PASS16_details')">OpenBrowser()</a>
               </td>
               <td nowrap="true">12:43:16</td>
               <td nowrap="true" align="right">8s
                  
               </td>
               <td nowrap="true">
                   
                  
               </td>
            </tr>
            <tr>
               <td colspan="4" class="detailsBox">
                  <div id="Dashboard.FunctionalTestCase_OpenBrowser_byClass_PASS16_details"
                       class="testMethodDetails">
                     <div>
                        <b>Name: </b>OpenBrowser
                     </div>
                     <div>
                        <b>Signature: </b>OpenBrowser()[pri:0, instance:Dashboard.FunctionalTestCase@29b15447]
                     </div>
                     <div>
                        <b>Start time: </b>12:43:16
                     </div>
                     <div>
                        <b>End time: </b>12:43:25
                     </div>
                     <div>
                        <b>Duration: </b>8s
                        
                     </div>
                  </div>
               </td>
            </tr>
            <tr></tr>
            <tr id="Dashboard.FunctionalTestCase_VerifyMyDiet_byClass_PASS17_row"
                class="testMethodStatusPASS">
               <td width="100%" class="firstMethodCell">
                  <a onclick="toggleDetailsVisibility('Dashboard.FunctionalTestCase_VerifyMyDiet_byClass_PASS17_details')">VerifyMyDiet()</a>
               </td>
               <td nowrap="true">12:43:25</td>
               <td nowrap="true" align="right">14s
                  
               </td>
               <td nowrap="true">
                   
                  
               </td>
            </tr>
            <tr>
               <td colspan="4" class="detailsBox">
                  <div id="Dashboard.FunctionalTestCase_VerifyMyDiet_byClass_PASS17_details"
                       class="testMethodDetails">
                     <div>
                        <b>Name: </b>VerifyMyDiet
                     </div>
                     <div>
                        <b>Signature: </b>VerifyMyDiet()[pri:0, instance:Dashboard.FunctionalTestCase@29b15447]
                     </div>
                     <div>
                        <b>Start time: </b>12:43:25
                     </div>
                     <div>
                        <b>End time: </b>12:43:39
                     </div>
                     <div>
                        <b>Duration: </b>14s
                        
                     </div>
                  </div>
               </td>
            </tr>
            <tr></tr>
            <tr id="Dashboard.FunctionalTestCase_takeScreenShotOnFailure_byClass_PASS18_row"
                class="testMethodStatusPASS testMethodStatusCONF">
               <td width="100%" class="firstMethodCell">
                  <a onclick="toggleDetailsVisibility('Dashboard.FunctionalTestCase_takeScreenShotOnFailure_byClass_PASS18_details')">takeScreenShotOnFailure([TestResult name=VerifyMyDiet status=SUCCESS method=FunctionalTestCase.VerifyMyDiet()[pri:0, instance:Dashboard.FunctionalTestCase@29b15447]
                     output={null}])
                  </a>
               </td>
               <td nowrap="true">12:43:39</td>
               <td nowrap="true" align="right">1s
                  
               </td>
               <td nowrap="true">
                   
                  
               </td>
            </tr>
            <tr>
               <td colspan="4" class="detailsBox">
                  <div id="Dashboard.FunctionalTestCase_takeScreenShotOnFailure_byClass_PASS18_details"
                       class="testMethodDetails">
                     <div>
                        <b>Name: </b>takeScreenShotOnFailure
                     </div>
                     <div>
                        <b>Signature: </b>takeScreenShotOnFailure(org.testng.ITestResult)[pri:0, instance:Dashboard.FunctionalTestCase@29b15447]
                     </div>
                     <div>
                        <b>Parameters: </b>
                        
                        [TestResult name=VerifyMyDiet status=SUCCESS method=FunctionalTestCase.VerifyMyDiet()[pri:0, instance:Dashboard.FunctionalTestCase@29b15447]
                        output={null}]
                        
                        
                     </div>
                     <div>
                        <b>Start time: </b>12:43:39
                     </div>
                     <div>
                        <b>End time: </b>12:43:41
                     </div>
                     <div>
                        <b>Duration: </b>1s
                        
                     </div>
                  </div>
               </td>
            </tr>
            <tr></tr>
            <tr id="Dashboard.FunctionalTestCase_OpenBrowser_byClass_PASS19_row"
                class="testMethodStatusPASS testMethodStatusCONF">
               <td width="100%" class="firstMethodCell">
                  <a onclick="toggleDetailsVisibility('Dashboard.FunctionalTestCase_OpenBrowser_byClass_PASS19_details')">OpenBrowser()</a>
               </td>
               <td nowrap="true">12:43:41</td>
               <td nowrap="true" align="right">11s
                  
               </td>
               <td nowrap="true">
                   
                  
               </td>
            </tr>
            <tr>
               <td colspan="4" class="detailsBox">
                  <div id="Dashboard.FunctionalTestCase_OpenBrowser_byClass_PASS19_details"
                       class="testMethodDetails">
                     <div>
                        <b>Name: </b>OpenBrowser
                     </div>
                     <div>
                        <b>Signature: </b>OpenBrowser()[pri:0, instance:Dashboard.FunctionalTestCase@29b15447]
                     </div>
                     <div>
                        <b>Start time: </b>12:43:41
                     </div>
                     <div>
                        <b>End time: </b>12:43:52
                     </div>
                     <div>
                        <b>Duration: </b>11s
                        
                     </div>
                  </div>
               </td>
            </tr>
            <tr></tr>
            <tr id="Dashboard.FunctionalTestCase_VerifyExercise_byClass_PASS20_row"
                class="testMethodStatusPASS">
               <td width="100%" class="firstMethodCell">
                  <a onclick="toggleDetailsVisibility('Dashboard.FunctionalTestCase_VerifyExercise_byClass_PASS20_details')">VerifyExercise()</a>
               </td>
               <td nowrap="true">12:43:52</td>
               <td nowrap="true" align="right">17s
                  
               </td>
               <td nowrap="true">
                   
                  
               </td>
            </tr>
            <tr>
               <td colspan="4" class="detailsBox">
                  <div id="Dashboard.FunctionalTestCase_VerifyExercise_byClass_PASS20_details"
                       class="testMethodDetails">
                     <div>
                        <b>Name: </b>VerifyExercise
                     </div>
                     <div>
                        <b>Signature: </b>VerifyExercise()[pri:0, instance:Dashboard.FunctionalTestCase@29b15447]
                     </div>
                     <div>
                        <b>Start time: </b>12:43:52
                     </div>
                     <div>
                        <b>End time: </b>12:44:10
                     </div>
                     <div>
                        <b>Duration: </b>17s
                        
                     </div>
                  </div>
               </td>
            </tr>
            <tr></tr>
            <tr id="Dashboard.FunctionalTestCase_takeScreenShotOnFailure_byClass_PASS21_row"
                class="testMethodStatusPASS testMethodStatusCONF">
               <td width="100%" class="firstMethodCell">
                  <a onclick="toggleDetailsVisibility('Dashboard.FunctionalTestCase_takeScreenShotOnFailure_byClass_PASS21_details')">takeScreenShotOnFailure([TestResult name=VerifyExercise status=SUCCESS method=FunctionalTestCase.VerifyExercise()[pri:0, instance:Dashboard.FunctionalTestCase@29b15447]
                     output={null}])
                  </a>
               </td>
               <td nowrap="true">12:44:10</td>
               <td nowrap="true" align="right">1s
                  
               </td>
               <td nowrap="true">
                   
                  
               </td>
            </tr>
            <tr>
               <td colspan="4" class="detailsBox">
                  <div id="Dashboard.FunctionalTestCase_takeScreenShotOnFailure_byClass_PASS21_details"
                       class="testMethodDetails">
                     <div>
                        <b>Name: </b>takeScreenShotOnFailure
                     </div>
                     <div>
                        <b>Signature: </b>takeScreenShotOnFailure(org.testng.ITestResult)[pri:0, instance:Dashboard.FunctionalTestCase@29b15447]
                     </div>
                     <div>
                        <b>Parameters: </b>
                        
                        [TestResult name=VerifyExercise status=SUCCESS method=FunctionalTestCase.VerifyExercise()[pri:0, instance:Dashboard.FunctionalTestCase@29b15447]
                        output={null}]
                        
                        
                     </div>
                     <div>
                        <b>Start time: </b>12:44:10
                     </div>
                     <div>
                        <b>End time: </b>12:44:11
                     </div>
                     <div>
                        <b>Duration: </b>1s
                        
                     </div>
                  </div>
               </td>
            </tr>
            <tr></tr>
            <tr id="Dashboard.FunctionalTestCase_OpenBrowser_byClass_PASS22_row"
                class="testMethodStatusPASS testMethodStatusCONF">
               <td width="100%" class="firstMethodCell">
                  <a onclick="toggleDetailsVisibility('Dashboard.FunctionalTestCase_OpenBrowser_byClass_PASS22_details')">OpenBrowser()</a>
               </td>
               <td nowrap="true">12:44:11</td>
               <td nowrap="true" align="right">14s
                  
               </td>
               <td nowrap="true">
                   
                  
               </td>
            </tr>
            <tr>
               <td colspan="4" class="detailsBox">
                  <div id="Dashboard.FunctionalTestCase_OpenBrowser_byClass_PASS22_details"
                       class="testMethodDetails">
                     <div>
                        <b>Name: </b>OpenBrowser
                     </div>
                     <div>
                        <b>Signature: </b>OpenBrowser()[pri:0, instance:Dashboard.FunctionalTestCase@29b15447]
                     </div>
                     <div>
                        <b>Start time: </b>12:44:11
                     </div>
                     <div>
                        <b>End time: </b>12:44:25
                     </div>
                     <div>
                        <b>Duration: </b>14s
                        
                     </div>
                  </div>
               </td>
            </tr>
            <tr></tr>
            <tr id="Dashboard.FunctionalTestCase_VerifyMedication_byClass_PASS23_row"
                class="testMethodStatusPASS">
               <td width="100%" class="firstMethodCell">
                  <a onclick="toggleDetailsVisibility('Dashboard.FunctionalTestCase_VerifyMedication_byClass_PASS23_details')">VerifyMedication()</a>
               </td>
               <td nowrap="true">12:44:25</td>
               <td nowrap="true" align="right">26s
                  
               </td>
               <td nowrap="true">
                   
                  
               </td>
            </tr>
            <tr>
               <td colspan="4" class="detailsBox">
                  <div id="Dashboard.FunctionalTestCase_VerifyMedication_byClass_PASS23_details"
                       class="testMethodDetails">
                     <div>
                        <b>Name: </b>VerifyMedication
                     </div>
                     <div>
                        <b>Signature: </b>VerifyMedication()[pri:0, instance:Dashboard.FunctionalTestCase@29b15447]
                     </div>
                     <div>
                        <b>Start time: </b>12:44:25
                     </div>
                     <div>
                        <b>End time: </b>12:44:52
                     </div>
                     <div>
                        <b>Duration: </b>26s
                        
                     </div>
                  </div>
               </td>
            </tr>
            <tr></tr>
            <tr id="Dashboard.FunctionalTestCase_takeScreenShotOnFailure_byClass_PASS24_row"
                class="testMethodStatusPASS testMethodStatusCONF">
               <td width="100%" class="firstMethodCell">
                  <a onclick="toggleDetailsVisibility('Dashboard.FunctionalTestCase_takeScreenShotOnFailure_byClass_PASS24_details')">takeScreenShotOnFailure([TestResult name=VerifyMedication status=SUCCESS method=FunctionalTestCase.VerifyMedication()[pri:0,
                     instance:Dashboard.FunctionalTestCase@29b15447] output={null}])
                  </a>
               </td>
               <td nowrap="true">12:44:52</td>
               <td nowrap="true" align="right">1s
                  
               </td>
               <td nowrap="true">
                   
                  
               </td>
            </tr>
            <tr>
               <td colspan="4" class="detailsBox">
                  <div id="Dashboard.FunctionalTestCase_takeScreenShotOnFailure_byClass_PASS24_details"
                       class="testMethodDetails">
                     <div>
                        <b>Name: </b>takeScreenShotOnFailure
                     </div>
                     <div>
                        <b>Signature: </b>takeScreenShotOnFailure(org.testng.ITestResult)[pri:0, instance:Dashboard.FunctionalTestCase@29b15447]
                     </div>
                     <div>
                        <b>Parameters: </b>
                        
                        [TestResult name=VerifyMedication status=SUCCESS method=FunctionalTestCase.VerifyMedication()[pri:0, instance:Dashboard.FunctionalTestCase@29b15447]
                        output={null}]
                        
                        
                     </div>
                     <div>
                        <b>Start time: </b>12:44:52
                     </div>
                     <div>
                        <b>End time: </b>12:44:53
                     </div>
                     <div>
                        <b>Duration: </b>1s
                        
                     </div>
                  </div>
               </td>
            </tr>
            <tr></tr>
            <tr id="Dashboard.FunctionalTestCase_OpenBrowser_byClass_PASS25_row"
                class="testMethodStatusPASS testMethodStatusCONF">
               <td width="100%" class="firstMethodCell">
                  <a onclick="toggleDetailsVisibility('Dashboard.FunctionalTestCase_OpenBrowser_byClass_PASS25_details')">OpenBrowser()</a>
               </td>
               <td nowrap="true">12:44:53</td>
               <td nowrap="true" align="right">9s
                  
               </td>
               <td nowrap="true">
                   
                  
               </td>
            </tr>
            <tr>
               <td colspan="4" class="detailsBox">
                  <div id="Dashboard.FunctionalTestCase_OpenBrowser_byClass_PASS25_details"
                       class="testMethodDetails">
                     <div>
                        <b>Name: </b>OpenBrowser
                     </div>
                     <div>
                        <b>Signature: </b>OpenBrowser()[pri:0, instance:Dashboard.FunctionalTestCase@29b15447]
                     </div>
                     <div>
                        <b>Start time: </b>12:44:53
                     </div>
                     <div>
                        <b>End time: </b>12:45:03
                     </div>
                     <div>
                        <b>Duration: </b>9s
                        
                     </div>
                  </div>
               </td>
            </tr>
            <tr></tr>
            <tr id="Dashboard.FunctionalTestCase_VerifyMyReports_byClass_FAIL26_row"
                class="testMethodStatusFAIL">
               <td width="100%" class="firstMethodCell">
                  <a onclick="toggleDetailsVisibility('Dashboard.FunctionalTestCase_VerifyMyReports_byClass_FAIL26_details')">VerifyMyReports()</a>
               </td>
               <td nowrap="true">12:45:03</td>
               <td nowrap="true" align="right">31s
                  
               </td>
               <td nowrap="true">
                  <a onclick="toggleDetailsVisibility('Dashboard.FunctionalTestCase_VerifyMyReports_byClass_FAIL26_exception')">org.openqa.selenium.UnhandledAlertException: 
                     unexpected alert open
                     (Session info: chrome=48.0.2564.82)
                     (Driver info: chromedriver=2.19.346078 (6f1f0cde889532d48ce8242342d0b84f94b114a1),platform=Windows NT 6.1 SP1 x86_64) (WARNING:
                     The server did not provide any stacktrace information)
                     Command duration or timeout: 6 milliseconds: null
                     Build info: version: '2.47.1', revision: '411b314', time: '2015-07-30 02:56:46'
                     System info: host: 'KCSPL000', ip: '192.168.1.68', os.name: 'Windows 7', os.arch: 'amd64', os.version: '6.1', java.version:
                     '1.7.0_09'
                     Session ID: 61e41e2b86819819ea98bd38d55e228d
                     Driver info: org.openqa.selenium.chrome.ChromeDriver
                     Capabilities [{platform=XP, acceptSslCerts=true, javascriptEnabled=true, browserName=chrome, chrome={userDataDir=C:\Users\ADMINI~1\AppData\Local\Temp\scoped_dir6288_28632},
                     rotatable=false, locationContextEnabled=true, mobileEmulationEnabled=false, version=48.0.2564.82, takesHeapSnapshot=true,
                     cssSelectorsEnabled=true, databaseEnabled=false, handlesAlerts=true, browserConnectionEnabled=false, webStorageEnabled=true,
                     nativeEvents=true, hasTouchScreen=false, applicationCacheEnabled=false, takesScreenshot=true}]
                     
                  </a>
                   
                  
               </td>
            </tr>
            <tr>
               <td colspan="4" class="detailsBox">
                  <div id="Dashboard.FunctionalTestCase_VerifyMyReports_byClass_FAIL26_details"
                       class="testMethodDetails">
                     <div>
                        <b>Name: </b>VerifyMyReports
                     </div>
                     <div>
                        <b>Signature: </b>VerifyMyReports()[pri:0, instance:Dashboard.FunctionalTestCase@29b15447]
                     </div>
                     <div>
                        <b>Start time: </b>12:45:03
                     </div>
                     <div>
                        <b>End time: </b>12:45:34
                     </div>
                     <div>
                        <b>Duration: </b>31s
                        
                     </div>
                  </div>
               </td>
            </tr>
            <tr>
               <td colspan="4" class="detailsBox">
                  <div id="Dashboard.FunctionalTestCase_VerifyMyReports_byClass_FAIL26_exception"
                       class="testMethodDetails">
                     <pre style="padding: 5px; margin: 0;">org.openqa.selenium.UnhandledAlertException: unexpected alert open
                        (Session info: chrome=48.0.2564.82)
                        (Driver info: chromedriver=2.19.346078 (6f1f0cde889532d48ce8242342d0b84f94b114a1),platform=Windows NT 6.1 SP1 x86_64) (WARNING:
                        The server did not provide any stacktrace information)
                        Command duration or timeout: 6 milliseconds: null
                        Build info: version: '2.47.1', revision: '411b314', time: '2015-07-30 02:56:46'
                        System info: host: 'KCSPL000', ip: '192.168.1.68', os.name: 'Windows 7', os.arch: 'amd64', os.version: '6.1', java.version:
                        '1.7.0_09'
                        Session ID: 61e41e2b86819819ea98bd38d55e228d
                        Driver info: org.openqa.selenium.chrome.ChromeDriver
                        Capabilities [{platform=XP, acceptSslCerts=true, javascriptEnabled=true, browserName=chrome, chrome={userDataDir=C:\Users\ADMINI~1\AppData\Local\Temp\scoped_dir6288_28632},
                        rotatable=false, locationContextEnabled=true, mobileEmulationEnabled=false, version=48.0.2564.82, takesHeapSnapshot=true,
                        cssSelectorsEnabled=true, databaseEnabled=false, handlesAlerts=true, browserConnectionEnabled=false, webStorageEnabled=true,
                        nativeEvents=true, hasTouchScreen=false, applicationCacheEnabled=false, takesScreenshot=true}]
                        	at sun.reflect.NativeConstructorAccessorImpl.newInstance0(Native Method)
                        	at sun.reflect.NativeConstructorAccessorImpl.newInstance(NativeConstructorAccessorImpl.java:57)
                        	at sun.reflect.DelegatingConstructorAccessorImpl.newInstance(DelegatingConstructorAccessorImpl.java:45)
                        	at java.lang.reflect.Constructor.newInstance(Constructor.java:525)
                        	at org.openqa.selenium.remote.ErrorHandler.createThrowable(ErrorHandler.java:206)
                        	at org.openqa.selenium.remote.ErrorHandler.throwIfResponseFailed(ErrorHandler.java:164)
                        	at org.openqa.selenium.remote.RemoteWebDriver.execute(RemoteWebDriver.java:595)
                        	at org.openqa.selenium.remote.RemoteWebDriver.execute(RemoteWebDriver.java:618)
                        	at org.openqa.selenium.remote.RemoteWebDriver.getScreenshotAs(RemoteWebDriver.java:320)
                        	at Dashboard.FunctionalTestCase.VerifyMyReports(FunctionalTestCase.java:268)
                        	at sun.reflect.NativeMethodAccessorImpl.invoke0(Native Method)
                        	at sun.reflect.NativeMethodAccessorImpl.invoke(NativeMethodAccessorImpl.java:57)
                        	at sun.reflect.DelegatingMethodAccessorImpl.invoke(DelegatingMethodAccessorImpl.java:43)
                        	at java.lang.reflect.Method.invoke(Method.java:601)
                        	at org.testng.internal.MethodInvocationHelper.invokeMethod(MethodInvocationHelper.java:84)
                        	at org.testng.internal.Invoker.invokeMethod(Invoker.java:714)
                        	at org.testng.internal.Invoker.invokeTestMethod(Invoker.java:901)
                        	at org.testng.internal.Invoker.invokeTestMethods(Invoker.java:1231)
                        	at org.testng.internal.TestMethodWorker.invokeTestMethods(TestMethodWorker.java:127)
                        	at org.testng.internal.TestMethodWorker.run(TestMethodWorker.java:111)
                        	at org.testng.TestRunner.privateRun(TestRunner.java:767)
                        	at org.testng.TestRunner.run(TestRunner.java:617)
                        	at org.testng.SuiteRunner.runTest(SuiteRunner.java:334)
                        	at org.testng.SuiteRunner.runSequentially(SuiteRunner.java:329)
                        	at org.testng.SuiteRunner.privateRun(SuiteRunner.java:291)
                        	at org.testng.SuiteRunner.run(SuiteRunner.java:240)
                        	at org.testng.SuiteRunnerWorker.runSuite(SuiteRunnerWorker.java:52)
                        	at org.testng.SuiteRunnerWorker.run(SuiteRunnerWorker.java:86)
                        	at org.testng.TestNG.runSuitesSequentially(TestNG.java:1224)
                        	at org.testng.TestNG.runSuitesLocally(TestNG.java:1149)
                        	at org.testng.TestNG.run(TestNG.java:1057)
                        	at org.testng.remote.RemoteTestNG.run(RemoteTestNG.java:111)
                        	at org.testng.remote.RemoteTestNG.initAndRun(RemoteTestNG.java:204)
                        	at org.testng.remote.RemoteTestNG.main(RemoteTestNG.java:175)
                     </pre>
                  </div>
               </td>
            </tr>
            <tr id="Dashboard.FunctionalTestCase_takeScreenShotOnFailure_byClass_FAIL27_row"
                class="testMethodStatusFAIL testMethodStatusCONF">
               <td width="100%" class="firstMethodCell">
                  <a onclick="toggleDetailsVisibility('Dashboard.FunctionalTestCase_takeScreenShotOnFailure_byClass_FAIL27_details')">takeScreenShotOnFailure([TestResult name=VerifyMyReports status=FAILURE method=FunctionalTestCase.VerifyMyReports()[pri:0,
                     instance:Dashboard.FunctionalTestCase@29b15447] output={null}])
                  </a>
               </td>
               <td nowrap="true">12:45:34</td>
               <td nowrap="true" align="right">0 ms
                  
               </td>
               <td nowrap="true">
                  <a onclick="toggleDetailsVisibility('Dashboard.FunctionalTestCase_takeScreenShotOnFailure_byClass_FAIL27_exception')">org.openqa.selenium.UnhandledAlertException: 
                     unexpected alert open
                     (Session info: chrome=48.0.2564.82)
                     (Driver info: chromedriver=2.19.346078 (6f1f0cde889532d48ce8242342d0b84f94b114a1),platform=Windows NT 6.1 SP1 x86_64) (WARNING:
                     The server did not provide any stacktrace information)
                     Command duration or timeout: 17 milliseconds: null
                     Build info: version: '2.47.1', revision: '411b314', time: '2015-07-30 02:56:46'
                     System info: host: 'KCSPL000', ip: '192.168.1.68', os.name: 'Windows 7', os.arch: 'amd64', os.version: '6.1', java.version:
                     '1.7.0_09'
                     Session ID: 61e41e2b86819819ea98bd38d55e228d
                     Driver info: org.openqa.selenium.chrome.ChromeDriver
                     Capabilities [{platform=XP, acceptSslCerts=true, javascriptEnabled=true, browserName=chrome, chrome={userDataDir=C:\Users\ADMINI~1\AppData\Local\Temp\scoped_dir6288_28632},
                     rotatable=false, locationContextEnabled=true, mobileEmulationEnabled=false, version=48.0.2564.82, takesHeapSnapshot=true,
                     cssSelectorsEnabled=true, databaseEnabled=false, handlesAlerts=true, browserConnectionEnabled=false, webStorageEnabled=true,
                     nativeEvents=true, hasTouchScreen=false, applicationCacheEnabled=false, takesScreenshot=true}]
                     
                  </a>
                   
                  
               </td>
            </tr>
            <tr>
               <td colspan="4" class="detailsBox">
                  <div id="Dashboard.FunctionalTestCase_takeScreenShotOnFailure_byClass_FAIL27_details"
                       class="testMethodDetails">
                     <div>
                        <b>Name: </b>takeScreenShotOnFailure
                     </div>
                     <div>
                        <b>Signature: </b>takeScreenShotOnFailure(org.testng.ITestResult)[pri:0, instance:Dashboard.FunctionalTestCase@29b15447]
                     </div>
                     <div>
                        <b>Parameters: </b>
                        
                        [TestResult name=VerifyMyReports status=FAILURE method=FunctionalTestCase.VerifyMyReports()[pri:0, instance:Dashboard.FunctionalTestCase@29b15447]
                        output={null}]
                        
                        
                     </div>
                     <div>
                        <b>Start time: </b>12:45:34
                     </div>
                     <div>
                        <b>End time: </b>12:45:34
                     </div>
                     <div>
                        <b>Duration: </b>0 ms
                        
                     </div>
                  </div>
               </td>
            </tr>
            <tr>
               <td colspan="4" class="detailsBox">
                  <div id="Dashboard.FunctionalTestCase_takeScreenShotOnFailure_byClass_FAIL27_exception"
                       class="testMethodDetails">
                     <pre style="padding: 5px; margin: 0;">org.openqa.selenium.UnhandledAlertException: unexpected alert open
                        (Session info: chrome=48.0.2564.82)
                        (Driver info: chromedriver=2.19.346078 (6f1f0cde889532d48ce8242342d0b84f94b114a1),platform=Windows NT 6.1 SP1 x86_64) (WARNING:
                        The server did not provide any stacktrace information)
                        Command duration or timeout: 17 milliseconds: null
                        Build info: version: '2.47.1', revision: '411b314', time: '2015-07-30 02:56:46'
                        System info: host: 'KCSPL000', ip: '192.168.1.68', os.name: 'Windows 7', os.arch: 'amd64', os.version: '6.1', java.version:
                        '1.7.0_09'
                        Session ID: 61e41e2b86819819ea98bd38d55e228d
                        Driver info: org.openqa.selenium.chrome.ChromeDriver
                        Capabilities [{platform=XP, acceptSslCerts=true, javascriptEnabled=true, browserName=chrome, chrome={userDataDir=C:\Users\ADMINI~1\AppData\Local\Temp\scoped_dir6288_28632},
                        rotatable=false, locationContextEnabled=true, mobileEmulationEnabled=false, version=48.0.2564.82, takesHeapSnapshot=true,
                        cssSelectorsEnabled=true, databaseEnabled=false, handlesAlerts=true, browserConnectionEnabled=false, webStorageEnabled=true,
                        nativeEvents=true, hasTouchScreen=false, applicationCacheEnabled=false, takesScreenshot=true}]
                        	at sun.reflect.NativeConstructorAccessorImpl.newInstance0(Native Method)
                        	at sun.reflect.NativeConstructorAccessorImpl.newInstance(NativeConstructorAccessorImpl.java:57)
                        	at sun.reflect.DelegatingConstructorAccessorImpl.newInstance(DelegatingConstructorAccessorImpl.java:45)
                        	at java.lang.reflect.Constructor.newInstance(Constructor.java:525)
                        	at org.openqa.selenium.remote.ErrorHandler.createThrowable(ErrorHandler.java:206)
                        	at org.openqa.selenium.remote.ErrorHandler.throwIfResponseFailed(ErrorHandler.java:164)
                        	at org.openqa.selenium.remote.RemoteWebDriver.execute(RemoteWebDriver.java:595)
                        	at org.openqa.selenium.remote.RemoteWebDriver.execute(RemoteWebDriver.java:618)
                        	at org.openqa.selenium.remote.RemoteWebDriver.getScreenshotAs(RemoteWebDriver.java:320)
                        	at FrameWork.BasetestScript.takeScreenShotOnFailure(BasetestScript.java:40)
                        	at sun.reflect.NativeMethodAccessorImpl.invoke0(Native Method)
                        	at sun.reflect.NativeMethodAccessorImpl.invoke(NativeMethodAccessorImpl.java:57)
                        	at sun.reflect.DelegatingMethodAccessorImpl.invoke(DelegatingMethodAccessorImpl.java:43)
                        	at java.lang.reflect.Method.invoke(Method.java:601)
                        	at org.testng.internal.MethodInvocationHelper.invokeMethod(MethodInvocationHelper.java:84)
                        	at org.testng.internal.Invoker.invokeConfigurationMethod(Invoker.java:564)
                        	at org.testng.internal.Invoker.invokeConfigurations(Invoker.java:213)
                        	at org.testng.internal.Invoker.invokeMethod(Invoker.java:786)
                        	at org.testng.internal.Invoker.invokeTestMethod(Invoker.java:901)
                        	at org.testng.internal.Invoker.invokeTestMethods(Invoker.java:1231)
                        	at org.testng.internal.TestMethodWorker.invokeTestMethods(TestMethodWorker.java:127)
                        	at org.testng.internal.TestMethodWorker.run(TestMethodWorker.java:111)
                        	at org.testng.TestRunner.privateRun(TestRunner.java:767)
                        	at org.testng.TestRunner.run(TestRunner.java:617)
                        	at org.testng.SuiteRunner.runTest(SuiteRunner.java:334)
                        	at org.testng.SuiteRunner.runSequentially(SuiteRunner.java:329)
                        	at org.testng.SuiteRunner.privateRun(SuiteRunner.java:291)
                        	at org.testng.SuiteRunner.run(SuiteRunner.java:240)
                        	at org.testng.SuiteRunnerWorker.runSuite(SuiteRunnerWorker.java:52)
                        	at org.testng.SuiteRunnerWorker.run(SuiteRunnerWorker.java:86)
                        	at org.testng.TestNG.runSuitesSequentially(TestNG.java:1224)
                        	at org.testng.TestNG.runSuitesLocally(TestNG.java:1149)
                        	at org.testng.TestNG.run(TestNG.java:1057)
                        	at org.testng.remote.RemoteTestNG.run(RemoteTestNG.java:111)
                        	at org.testng.remote.RemoteTestNG.initAndRun(RemoteTestNG.java:204)
                        	at org.testng.remote.RemoteTestNG.main(RemoteTestNG.java:175)
                     </pre>
                  </div>
               </td>
            </tr>
            <tr id="Dashboard.FunctionalTestCase_OpenBrowser_byClass_SKIP28_row"
                class="testMethodStatusSKIP testMethodStatusCONF">
               <td width="100%" class="firstMethodCell">
                  <a onclick="toggleDetailsVisibility('Dashboard.FunctionalTestCase_OpenBrowser_byClass_SKIP28_details')">OpenBrowser()</a>
               </td>
               <td nowrap="true">12:45:34</td>
               <td nowrap="true" align="right">0 ms
                  
               </td>
               <td nowrap="true">
                   
                  
               </td>
            </tr>
            <tr>
               <td colspan="4" class="detailsBox">
                  <div id="Dashboard.FunctionalTestCase_OpenBrowser_byClass_SKIP28_details"
                       class="testMethodDetails">
                     <div>
                        <b>Name: </b>OpenBrowser
                     </div>
                     <div>
                        <b>Signature: </b>OpenBrowser()[pri:0, instance:Dashboard.FunctionalTestCase@29b15447]
                     </div>
                     <div>
                        <b>Start time: </b>12:45:34
                     </div>
                     <div>
                        <b>End time: </b>12:45:34
                     </div>
                     <div>
                        <b>Duration: </b>0 ms
                        
                     </div>
                  </div>
               </td>
            </tr>
            <tr></tr>
            <tr id="Dashboard.FunctionalTestCase_VerifyHealthEducation_byClass_SKIP29_row"
                class="testMethodStatusSKIP">
               <td width="100%" class="firstMethodCell">
                  <a onclick="toggleDetailsVisibility('Dashboard.FunctionalTestCase_VerifyHealthEducation_byClass_SKIP29_details')">VerifyHealthEducation()</a>
               </td>
               <td nowrap="true">12:45:34</td>
               <td nowrap="true" align="right">0 ms
                  
               </td>
               <td nowrap="true">
                   
                  
               </td>
            </tr>
            <tr>
               <td colspan="4" class="detailsBox">
                  <div id="Dashboard.FunctionalTestCase_VerifyHealthEducation_byClass_SKIP29_details"
                       class="testMethodDetails">
                     <div>
                        <b>Name: </b>VerifyHealthEducation
                     </div>
                     <div>
                        <b>Signature: </b>VerifyHealthEducation()[pri:0, instance:Dashboard.FunctionalTestCase@29b15447]
                     </div>
                     <div>
                        <b>Start time: </b>12:45:34
                     </div>
                     <div>
                        <b>End time: </b>12:45:34
                     </div>
                     <div>
                        <b>Duration: </b>0 ms
                        
                     </div>
                  </div>
               </td>
            </tr>
            <tr></tr>
            <tr id="Dashboard.FunctionalTestCase_takeScreenShotOnFailure_byClass_SKIP30_row"
                class="testMethodStatusSKIP testMethodStatusCONF">
               <td width="100%" class="firstMethodCell">
                  <a onclick="toggleDetailsVisibility('Dashboard.FunctionalTestCase_takeScreenShotOnFailure_byClass_SKIP30_details')">takeScreenShotOnFailure()</a>
               </td>
               <td nowrap="true">12:45:34</td>
               <td nowrap="true" align="right">0 ms
                  
               </td>
               <td nowrap="true">
                   
                  
               </td>
            </tr>
            <tr>
               <td colspan="4" class="detailsBox">
                  <div id="Dashboard.FunctionalTestCase_takeScreenShotOnFailure_byClass_SKIP30_details"
                       class="testMethodDetails">
                     <div>
                        <b>Name: </b>takeScreenShotOnFailure
                     </div>
                     <div>
                        <b>Signature: </b>takeScreenShotOnFailure(org.testng.ITestResult)[pri:0, instance:Dashboard.FunctionalTestCase@29b15447]
                     </div>
                     <div>
                        <b>Start time: </b>12:45:34
                     </div>
                     <div>
                        <b>End time: </b>12:45:34
                     </div>
                     <div>
                        <b>Duration: </b>0 ms
                        
                     </div>
                  </div>
               </td>
            </tr>
            <tr></tr>
         </table>
         <br></br>
      </div>
      <div style="margin-top: 15px; color: gray; text-align: center; font-size: 9px;">
         Generated with
         
         <a href="http://code.google.com/p/testng-xslt/" style="color: #8888aa;"
            target="_blank">
            TestNG XSLT
            
         </a>
      </div>
   </body>
</html>