<?xml version="1.0" encoding="UTF-8"?>
<!-- Generated by org.testng.reporters.JUnitXMLReporter -->
<testsuite hostname="KCSPL000" name="Default test" tests="3" failures="0" timestamp="10 Feb 2016 12:27:59 GMT" time="104.615" errors="0">
  <testcase name="Logic" time="23.24" classname="healthcalculator.DashboardHealthCalculatorLogic"/>
  <testcase name="testUntitled" time="3.404" classname="healthcalculator.DashboardHealthCalculatorLogic"/>
  <testcase name="BMICalculation" time="38.64" classname="healthcalculator.DashboardHealthCalculatorLogic"/>
</testsuite> <!-- Default test -->
